#
# A fatal error has been detected by the Java Runtime Environment:
#
#  SIGILL (0x4) at pc=0x00007fff3374411e, pid=55005, tid=0x0000000000000307
#
# JRE version: Java(TM) SE Runtime Environment (8.0_161-b12) (build 1.8.0_161-b12)
# Java VM: Java HotSpot(TM) 64-Bit Server VM (25.161-b12 mixed mode bsd-amd64 compressed oops)
# Problematic frame:
# C  [CoreFoundation+0x13c11e]  _CFRelease+0x42f
#
# Failed to write core dump. Core dumps have been disabled. To enable core dumping, try "ulimit -c unlimited" before starting Java again
#
# If you would like to submit a bug report, please visit:
#   http://bugreport.java.com/bugreport/crash.jsp
# The crash happened outside the Java Virtual Machine in native code.
# See problematic frame for where to report the bug.
#

---------------  T H R E A D  ---------------

Current thread (0x00007fc34c57c800):  JavaThread "AppKit Thread" daemon [_thread_in_native, id=775, stack(0x00007ffee0000000,0x00007ffee0800000)]

siginfo: si_signo: 4 (SIGILL), si_code: 1 (ILL_ILLOPC), si_addr: 0x00007fff3374411e

Registers:
RAX=0x00007fff3398aaad, RBX=0x0000000000611480, RCX=0x00007fff8e5d2e20, RDX=0x00007fff8e9267c0
RSP=0x00007ffee07f27f0, RBP=0x00007ffee07f2830, RSI=0x0000000000000000, RDI=0x00007fc353a8ddd0
R8 =0x000000000037d78b, R9 =0xffffffff00000000, R10=0x00007fc34d8f01d0, R11=0x00000000a5baadb9
R12=0x0000000000000000, R13=0x00007fc353a8fab0, R14=0x00007fc34d8f01b8, R15=0x00007fc34d8f0140
RIP=0x00007fff3374411e, EFLAGS=0x0000000000010207, ERR=0x0000000000000000
  TRAPNO=0x0000000000000006

Top of Stack: (sp=0x00007ffee07f27f0)
0x00007ffee07f27f0:   0000000000000000 00007ffee07f28d4
0x00007ffee07f2800:   0000000000000004 00007fc352617190
0x00007ffee07f2810:   0000000000000000 00007fc353a8fab0
0x00007ffee07f2820:   00007fc34d8f01b8 00007fc34d8f0140
0x00007ffee07f2830:   00007ffee07f2850 00007fff3289cdfb
0x00007ffee07f2840:   0000000000000000 0000000000000000
0x00007ffee07f2850:   00007ffee07f2880 00007fff3289cc78
0x00007ffee07f2860:   0000000000000000 00007fc353a8d290
0x00007ffee07f2870:   00000000ffffff80 0000000000000000
0x00007ffee07f2880:   00007ffee07f2910 00007fff3291dab3
0x00007ffee07f2890:   0000000000000000 0000000000000012
0x00007ffee07f28a0:   41118e5005fb9bff 0000000000000000
0x00007ffee07f28b0:   00007fc353a8d290 0000000000000000
0x00007ffee07f28c0:   00007fc353a8ddd0 41118e5005fbdffa
0x00007ffee07f28d0:   0440010100000000 00007fc34d8f0140
0x00007ffee07f28e0:   00007ffee07f2910 00007fc353a8d290
0x00007ffee07f28f0:   00007ffee07f2be8 0000000000000012
0x00007ffee07f2900:   0000000000000000 0000000004400101
0x00007ffee07f2910:   00007ffee07f2950 00007fff32a43ef0
0x00007ffee07f2920:   00007ffee07f2937 41118e5005fb9bff
0x00007ffee07f2930:   01ed8000e07f2970 00007fc353a8d290
0x00007ffee07f2940:   00007fc34b6f01d0 00007ffee07f2be8
0x00007ffee07f2950:   00007ffee07f2970 00007fff32a39b55
0x00007ffee07f2960:   0000000000000001 0000000000000003
0x00007ffee07f2970:   00007ffee07f2c20 00007fff32a3a95f
0x00007ffee07f2980:   00007ffee07f29e0 00007fff328b355f
0x00007ffee07f2990:   0000000000000008 00007fff5f744bbb
0x00007ffee07f29a0:   0000000000000000 0000000000001400
0x00007ffee07f29b0:   0000000000000002 0000000000000000
0x00007ffee07f29c0:   000000010f420e00 000000010f41fa00
0x00007ffee07f29d0:   00007ffee07f2a80 00007fff5f7447b9
0x00007ffee07f29e0:   00007ffee07f2a30 f691000070001002 

Instructions: (pc=0x00007fff3374411e)
0x00007fff337440fe:   ff ff 48 8d 05 66 65 24 00 48 89 05 7a 26 1e 5b
0x00007fff3374410e:   0f 0b 48 8d 05 96 69 24 00 48 89 05 6a 26 1e 5b
0x00007fff3374411e:   0f 0b 55 48 89 e5 48 8d 35 ef 65 24 00 bf 02 00
0x00007fff3374412e:   00 00 ba 65 00 00 00 e8 6a e0 05 00 48 8d 35 3f 

Register to memory mapping:

RAX=0x00007fff3398aaad: _XMLPlistAppendDataUsingBase64.__CFPLDataEncodeTable+0x208d in /System/Library/Frameworks/CoreFoundation.framework/Versions/A/CoreFoundation at 0x00007fff33608000
RBX=0x0000000000611480 is an unknown value
RCX=0x00007fff8e5d2e20: OBJC_CLASS_$_NSHIObject+0 in /System/Library/Frameworks/Carbon.framework/Versions/A/Frameworks/HIToolbox.framework/Versions/A/HIToolbox at 0x00007fff32896000
RDX=0x00007fff8e9267c0: __CFRuntimeObjCClassTable+0 in /System/Library/Frameworks/CoreFoundation.framework/Versions/A/CoreFoundation at 0x00007fff33608000
RSP=0x00007ffee07f27f0 is pointing into the stack for thread: 0x00007fc34c57c800
RBP=0x00007ffee07f2830 is pointing into the stack for thread: 0x00007fc34c57c800
RSI=0x0000000000000000 is an unknown value
RDI=0x00007fc353a8ddd0 is an unknown value
R8 =0x000000000037d78b is an unknown value
R9 =0xffffffff00000000 is an unknown value
R10=0x00007fc34d8f01d0 is an unknown value
R11=0x00000000a5baadb9 is an unknown value
R12=0x0000000000000000 is an unknown value
R13=0x00007fc353a8fab0 is an unknown value
R14=0x00007fc34d8f01b8 is an unknown value
R15=0x00007fc34d8f0140 is an unknown value


Stack: [0x00007ffee0000000,0x00007ffee0800000],  sp=0x00007ffee07f27f0,  free space=8137k
Native frames: (J=compiled Java code, j=interpreted, Vv=VM code, C=native code)
C  [CoreFoundation+0x13c11e]  _CFRelease+0x42f
C  [HIToolbox+0x6dfb]  ReleaseEventParam+0x4b
C  [HIToolbox+0x6c78]  ReleaseEvent+0x76
C  [HIToolbox+0x87ab3]  _ZL15SendMenuOpeningP14MenuSelectDataP8MenuDatadjjP14__CFDictionaryhPh+0x2b7
C  [HIToolbox+0x1adef0]  _SimulateMenuOpening+0x6e
C  [HIToolbox+0x1a3b55]  _ZL21OpenMenuForInspectionP8MenuData+0x5e
C  [HIToolbox+0x1a495f]  _ZN8MenuData33HandleGetNamedAccessibleAttributeEyPK10__CFStringjP14OpaqueEventRef+0x9d
C  [HIToolbox+0x1a48ac]  _ZN8MenuData31GetNamedAccessibleAttributeSelfEyPK10__CFStringjP14OpaqueEventRef+0xb4
C  [HIToolbox+0x1bdcab]  _ZN8HIObject26DispatchAccessibilityEventEP14OpaqueEventRefyPK21AccessibilityHandlersPv+0x1e9
C  [HIToolbox+0x1bd982]  _ZN8HIObject29HandleClassAccessibilityEventEP25OpaqueEventHandlerCallRefP14OpaqueEventRefPv+0x6a
C  [HIToolbox+0x9819]  _ZN8HIObject9EventHookEP25OpaqueEventHandlerCallRefP14OpaqueEventRefPv+0x87
C  [HIToolbox+0x922e]  _ZL23DispatchEventToHandlersP14EventTargetRecP14OpaqueEventRefP14HandlerCallRec+0x58e
C  [HIToolbox+0x85df]  _ZL30SendEventToEventTargetInternalP14OpaqueEventRefP20OpaqueEventTargetRefP14HandlerCallRec+0x173
C  [HIToolbox+0x9e5fc]  CallNextEventHandler+0x69
C  [AppKit+0x541b4f]  -[NSCarbonMenuImpl _carbonGetAccessibleAttributeEvent:handlerCallRef:axElement:]+0x25
C  [AppKit+0x336e53]  NSSLMMenuEventHandler+0x41a
C  [HIToolbox+0x922e]  _ZL23DispatchEventToHandlersP14EventTargetRecP14OpaqueEventRefP14HandlerCallRec+0x58e
C  [HIToolbox+0x85df]  _ZL30SendEventToEventTargetInternalP14OpaqueEventRefP20OpaqueEventTargetRefP14HandlerCallRec+0x173
C  [HIToolbox+0x8465]  SendEventToEventTargetWithOptions+0x2d
C  [HIToolbox+0xb56cc]  _ZNK10Accessible9SendEventEP14OpaqueEventRefb+0x58
C  [HIToolbox+0xb4c1f]  _ZN10Accessible21GetNamedAttributeDataEPK10__CFStringPKvPS4_Ph+0x97
C  [HIToolbox+0xb49c4]  HLTBCopyUIElementAttributeValue+0x39
C  [HIToolbox+0xb6fbc]  _ZL32CarbonCopyAttributeValueCallbackPK8__CFDatajPK10__CFStringPPKvPv+0x54
C  [AppKit+0x4bd575]  CopyCarbonUIElementAttributeValue+0x3e
C  [AppKit+0x4ba7d2]  CopyAttributeValue+0x7e
C  [HIServices+0x2535d]  _AXXMIGCopyAttributeValue+0x10d
C  [HIServices+0x2e890]  _XCopyAttributeValue+0x1a8
C  [HIServices+0x5c9d]  mshMIGPerform+0xcb
C  [CoreFoundation+0x52b97]  __CFRUNLOOP_IS_CALLING_OUT_TO_A_SOURCE1_PERFORM_FUNCTION__+0x29
C  [CoreFoundation+0x52af5]  __CFRunLoopDoSource1+0x20f
C  [CoreFoundation+0x3aaec]  __CFRunLoopRun+0x9dc
C  [CoreFoundation+0x39ebe]  CFRunLoopRunSpecific+0x1c7
C  [HIToolbox+0xb1ab]  RunCurrentEventLoopInMode+0x124
C  [HIToolbox+0xaee5]  ReceiveNextEventCommon+0x25b
C  [HIToolbox+0xac76]  _BlockUntilNextEventMatchingListInModeWithFilter+0x40
C  [AppKit+0x1a79d]  _DPSNextEvent+0x46f
C  [AppKit+0x1948b]  -[NSApplication(NSEvent) _nextEventMatchingEventMask:untilDate:inMode:dequeue:]+0x551
C  [libosxapp.dylib+0x23aa]  -[NSApplicationAWT nextEventMatchingMask:untilDate:inMode:dequeue:]+0x7c
C  [AppKit+0x135a8]  -[NSApplication run]+0x2bb
C  [libosxapp.dylib+0x214d]  +[NSApplicationAWT runAWTLoopWithApp:]+0x9c
C  [libawt_lwawt.dylib+0x47397]  -[AWTStarter starter:]+0x389
C  [Foundation+0xb0302]  __NSThreadPerformPerform+0x148
C  [CoreFoundation+0x57683]  __CFRUNLOOP_IS_CALLING_OUT_TO_A_SOURCE0_PERFORM_FUNCTION__+0x11
C  [CoreFoundation+0x57629]  __CFRunLoopDoSource0+0x6c
C  [CoreFoundation+0x3afeb]  __CFRunLoopDoSources0+0xc3
C  [CoreFoundation+0x3a5b5]  __CFRunLoopRun+0x4a5
C  [CoreFoundation+0x39ebe]  CFRunLoopRunSpecific+0x1c7
C  [java+0x647a]  CreateExecutionEnvironment+0x367
C  [java+0x212c]  JLI_Launch+0x7a0
C  [java+0x84d7]  main+0x65
C  [java+0x1984]  start+0x34
C  0x0000000000000006


---------------  P R O C E S S  ---------------

Java Threads: ( => current thread )
  0x00007fc350e00800 JavaThread "SwingWorker-pool-1-thread-2" daemon [_thread_blocked, id=61811, stack(0x000070000fcba000,0x000070000fdba000)]
  0x00007fc351b4b800 JavaThread "Fetcher-3" daemon [_thread_blocked, id=89859, stack(0x000070000fbb7000,0x000070000fcb7000)]
  0x00007fc351b4b000 JavaThread "Fetcher-2" daemon [_thread_blocked, id=130095, stack(0x000070000fab4000,0x000070000fbb4000)]
  0x00007fc351b4a000 JavaThread "Fetcher-1" daemon [_thread_blocked, id=72223, stack(0x000070000f9b1000,0x000070000fab1000)]
  0x00007fc35173f000 JavaThread "Fetcher-0" daemon [_thread_in_vm, id=60723, stack(0x000070000f8ae000,0x000070000f9ae000)]
  0x00007fc350557000 JavaThread "Keep-Alive-Timer" daemon [_thread_blocked, id=88471, stack(0x000070000f7ab000,0x000070000f8ab000)]
  0x00007fc34d41f800 JavaThread "SwingWorker-pool-1-thread-1" daemon [_thread_blocked, id=88087, stack(0x000070000f6a8000,0x000070000f7a8000)]
  0x00007fc34f19e000 JavaThread "TimerQueue" daemon [_thread_blocked, id=60419, stack(0x000070000f5a5000,0x000070000f6a5000)]
  0x00007fc34ccd0000 JavaThread "bdv-panel-1-thread-3" daemon [_thread_blocked, id=64771, stack(0x000070000f4a2000,0x000070000f5a2000)]
  0x00007fc34d395000 JavaThread "bdv-panel-1-thread-2" daemon [_thread_blocked, id=73735, stack(0x000070000f39f000,0x000070000f49f000)]
  0x00007fc34d78d800 JavaThread "bdv-panel-1-thread-1" daemon [_thread_blocked, id=37687, stack(0x000070000f29c000,0x000070000f39c000)]
  0x00007fc35166c000 JavaThread "PainterThread" daemon [_thread_in_native, id=37127, stack(0x000070000e263000,0x000070000e363000)]
  0x00007fc35142b000 JavaThread "Fetcher-3" daemon [_thread_blocked, id=80159, stack(0x000070000f199000,0x000070000f299000)]
  0x00007fc3515d8000 JavaThread "Fetcher-2" daemon [_thread_blocked, id=29963, stack(0x000070000f096000,0x000070000f196000)]
  0x00007fc35120e800 JavaThread "Fetcher-1" daemon [_thread_blocked, id=26907, stack(0x000070000ef93000,0x000070000f093000)]
  0x00007fc350ee6800 JavaThread "Fetcher-0" daemon [_thread_blocked, id=41231, stack(0x000070000e97e000,0x000070000ea7e000)]
  0x00007fc34f699000 JavaThread "java-sdk-http-connection-reaper" daemon [_thread_blocked, id=65307, stack(0x000070000ee90000,0x000070000ef90000)]
  0x00007fc34c5ba000 JavaThread "SciJava-7b58c458-Thread-2" [_thread_blocked, id=55555, stack(0x000070000ec07000,0x000070000ed07000)]
  0x00007fc34c5b9800 JavaThread "DestroyJavaVM" [_thread_blocked, id=4099, stack(0x000070000d0ad000,0x000070000d1ad000)]
  0x00007fc351225800 JavaThread "SciJava-7b58c458-Thread-1" [_thread_blocked, id=70167, stack(0x000070000eb04000,0x000070000ec04000)]
  0x00007fc351389800 JavaThread "AWT-EventQueue-0" [_thread_in_native, id=53255, stack(0x000070000e87b000,0x000070000e97b000)]
  0x00007fc350b93000 JavaThread "Java2D Disposer" daemon [_thread_blocked, id=75027, stack(0x000070000e778000,0x000070000e878000)]
  0x00007fc350a5a800 JavaThread "AWT-Shutdown" [_thread_blocked, id=50195, stack(0x000070000e572000,0x000070000e672000)]
  0x00007fc34e9c0000 JavaThread "Java2D Queue Flusher" daemon [_thread_blocked, id=45675, stack(0x000070000e369000,0x000070000e469000)]
  0x00007fc34bfe9800 JavaThread "SciJava-7b58c458-Thread-0" [_thread_blocked, id=80915, stack(0x000070000e675000,0x000070000e775000)]
=>0x00007fc34c57c800 JavaThread "AppKit Thread" daemon [_thread_in_native, id=775, stack(0x00007ffee0000000,0x00007ffee0800000)]
  0x00007fc34bd87800 JavaThread "Timer-0" daemon [_thread_blocked, id=16643, stack(0x000070000e160000,0x000070000e260000)]
  0x00007fc34c3b2800 JavaThread "Attach Listener" daemon [_thread_blocked, id=16899, stack(0x000070000e05d000,0x000070000e15d000)]
  0x00007fc34d2ee800 JavaThread "Service Thread" daemon [_thread_blocked, id=14595, stack(0x000070000de57000,0x000070000df57000)]
  0x00007fc34cbbd000 JavaThread "C1 CompilerThread2" daemon [_thread_blocked, id=17923, stack(0x000070000dd54000,0x000070000de54000)]
  0x00007fc34d2ab800 JavaThread "C2 CompilerThread1" daemon [_thread_in_native, id=18435, stack(0x000070000dc51000,0x000070000dd51000)]
  0x00007fc34c327800 JavaThread "C2 CompilerThread0" daemon [_thread_in_native, id=14339, stack(0x000070000db4e000,0x000070000dc4e000)]
  0x00007fc34cbbb800 JavaThread "Monitor Ctrl-Break" daemon [_thread_in_native, id=14083, stack(0x000070000da4b000,0x000070000db4b000)]
  0x00007fc34c80b000 JavaThread "Signal Dispatcher" daemon [_thread_blocked, id=13827, stack(0x000070000d948000,0x000070000da48000)]
  0x00007fc34c01a800 JavaThread "Finalizer" daemon [_thread_blocked, id=20739, stack(0x000070000d845000,0x000070000d945000)]
  0x00007fc34d013000 JavaThread "Reference Handler" daemon [_thread_blocked, id=12035, stack(0x000070000d742000,0x000070000d842000)]

Other Threads:
  0x00007fc34c003000 VMThread [stack: 0x000070000d63f000,0x000070000d73f000] [id=21507]
  0x00007fc34bafd000 WatcherThread [stack: 0x000070000df5a000,0x000070000e05a000] [id=17411]

VM state:not at safepoint (normal execution)

VM Mutex/Monitor currently owned by a thread: None

Heap:
 PSYoungGen      total 497664K, used 286109K [0x000000076ab00000, 0x0000000792680000, 0x00000007c0000000)
  eden space 464896K, 54% used [0x000000076ab00000,0x000000077a26ed30,0x0000000787100000)
  from space 32768K, 99% used [0x0000000787100000,0x00000007890f8710,0x0000000789100000)
  to   space 36864K, 0% used [0x0000000790280000,0x0000000790280000,0x0000000792680000)
 ParOldGen       total 195584K, used 30577K [0x00000006c0000000, 0x00000006cbf00000, 0x000000076ab00000)
  object space 195584K, 15% used [0x00000006c0000000,0x00000006c1ddc648,0x00000006cbf00000)
 Metaspace       used 69404K, capacity 70624K, committed 70872K, reserved 1107968K
  class space    used 11190K, capacity 11444K, committed 11520K, reserved 1048576K

Card table byte_map: [0x0000000111093000,0x0000000111894000] byte_map_base: 0x000000010da93000

Marking Bits: (ParMarkBitMap*) 0x000000010fd2c6c0
 Begin Bits: [0x000000012108d000, 0x000000012508d000)
 End Bits:   [0x000000012508d000, 0x000000012908d000)

Polling page: 0x00000001103f1000

CodeCache: size=245760Kb used=20595Kb max_used=21034Kb free=225164Kb
 bounds [0x0000000111b37000, 0x0000000112fe7000, 0x0000000120b37000]
 total_blobs=7436 nmethods=6628 adapters=719
 compilation: enabled

Compilation events (10 events):
Event: 50.706 Thread 0x00007fc34cbbd000 nmethod 8071 0x000000011245cc50 code [0x000000011245cdc0, 0x000000011245cf48]
Event: 50.706 Thread 0x00007fc34cbbd000 8072       1       sun.lwawt.macosx.CPlatformWindow::isVisible (5 bytes)
Event: 50.706 Thread 0x00007fc34cbbd000 nmethod 8072 0x0000000112cd6d90 code [0x0000000112cd6ee0, 0x0000000112cd6ff0]
Event: 50.706 Thread 0x00007fc34cbbd000 8070       1       javax.swing.JScrollPane::isValidateRoot (2 bytes)
Event: 50.706 Thread 0x00007fc34cbbd000 nmethod 8070 0x0000000112cd6ad0 code [0x0000000112cd6c20, 0x0000000112cd6d30]
Event: 50.708 Thread 0x00007fc34cbbd000 8074       2       net.miginfocom.layout.UnitValue::getPixels (11 bytes)
Event: 50.709 Thread 0x00007fc34cbbd000 nmethod 8074 0x000000011233ad90 code [0x000000011233af00, 0x000000011233b098]
Event: 50.709 Thread 0x00007fc34cbbd000 8079       2       javax.swing.text.StyleContext$SmallAttributeSet::getLocalAttribute (49 bytes)
Event: 50.709 Thread 0x00007fc34cbbd000 nmethod 8079 0x0000000112cbf650 code [0x0000000112cbf7e0, 0x0000000112cbfa88]
Event: 50.709 Thread 0x00007fc34cbbd000 8077       2       net.miginfocom.layout.UnitValue::getPixelsExact (875 bytes)

GC Heap History (10 events):
Event: 11.057 GC heap before
{Heap before GC invocations=10 (full 2):
 PSYoungGen      total 274944K, used 253952K [0x000000076ab00000, 0x0000000783080000, 0x00000007c0000000)
  eden space 253952K, 100% used [0x000000076ab00000,0x000000077a300000,0x000000077a300000)
  from space 20992K, 0% used [0x000000077a300000,0x000000077a300000,0x000000077b780000)
  to   space 26624K, 0% used [0x0000000781680000,0x0000000781680000,0x0000000783080000)
 ParOldGen       total 152064K, used 17732K [0x00000006c0000000, 0x00000006c9480000, 0x000000076ab00000)
  object space 152064K, 11% used [0x00000006c0000000,0x00000006c11512f0,0x00000006c9480000)
 Metaspace       used 54985K, capacity 55808K, committed 56280K, reserved 1095680K
  class space    used 9190K, capacity 9364K, committed 9472K, reserved 1048576K
Event: 11.077 GC heap after
Heap after GC invocations=10 (full 2):
 PSYoungGen      total 368128K, used 26498K [0x000000076ab00000, 0x0000000786080000, 0x00000007c0000000)
  eden space 341504K, 0% used [0x000000076ab00000,0x000000076ab00000,0x000000077f880000)
  from space 26624K, 99% used [0x0000000781680000,0x0000000783060a40,0x0000000783080000)
  to   space 30720K, 0% used [0x000000077f880000,0x000000077f880000,0x0000000781680000)
 ParOldGen       total 152064K, used 17740K [0x00000006c0000000, 0x00000006c9480000, 0x000000076ab00000)
  object space 152064K, 11% used [0x00000006c0000000,0x00000006c11532f0,0x00000006c9480000)
 Metaspace       used 54985K, capacity 55808K, committed 56280K, reserved 1095680K
  class space    used 9190K, capacity 9364K, committed 9472K, reserved 1048576K
}
Event: 11.242 GC heap before
{Heap before GC invocations=11 (full 2):
 PSYoungGen      total 368128K, used 57229K [0x000000076ab00000, 0x0000000786080000, 0x00000007c0000000)
  eden space 341504K, 8% used [0x000000076ab00000,0x000000076c9029c0,0x000000077f880000)
  from space 26624K, 99% used [0x0000000781680000,0x0000000783060a40,0x0000000783080000)
  to   space 30720K, 0% used [0x000000077f880000,0x000000077f880000,0x0000000781680000)
 ParOldGen       total 152064K, used 17740K [0x00000006c0000000, 0x00000006c9480000, 0x000000076ab00000)
  object space 152064K, 11% used [0x00000006c0000000,0x00000006c11532f0,0x00000006c9480000)
 Metaspace       used 57927K, capacity 58790K, committed 58968K, reserved 1097728K
  class space    used 9634K, capacity 9845K, committed 9856K, reserved 1048576K
Event: 11.254 GC heap after
Heap after GC invocations=11 (full 2):
 PSYoungGen      total 372224K, used 15764K [0x000000076ab00000, 0x000000078b180000, 0x00000007c0000000)
  eden space 341504K, 0% used [0x000000076ab00000,0x000000076ab00000,0x000000077f880000)
  from space 30720K, 51% used [0x000000077f880000,0x00000007807e5070,0x0000000781680000)
  to   space 29184K, 0% used [0x0000000789500000,0x0000000789500000,0x000000078b180000)
 ParOldGen       total 152064K, used 17812K [0x00000006c0000000, 0x00000006c9480000, 0x000000076ab00000)
  object space 152064K, 11% used [0x00000006c0000000,0x00000006c1165300,0x00000006c9480000)
 Metaspace       used 57927K, capacity 58790K, committed 58968K, reserved 1097728K
  class space    used 9634K, capacity 9845K, committed 9856K, reserved 1048576K
}
Event: 11.254 GC heap before
{Heap before GC invocations=12 (full 3):
 PSYoungGen      total 372224K, used 15764K [0x000000076ab00000, 0x000000078b180000, 0x00000007c0000000)
  eden space 341504K, 0% used [0x000000076ab00000,0x000000076ab00000,0x000000077f880000)
  from space 30720K, 51% used [0x000000077f880000,0x00000007807e5070,0x0000000781680000)
  to   space 29184K, 0% used [0x0000000789500000,0x0000000789500000,0x000000078b180000)
 ParOldGen       total 152064K, used 17812K [0x00000006c0000000, 0x00000006c9480000, 0x000000076ab00000)
  object space 152064K, 11% used [0x00000006c0000000,0x00000006c1165300,0x00000006c9480000)
 Metaspace       used 57927K, capacity 58790K, committed 58968K, reserved 1097728K
  class space    used 9634K, capacity 9845K, committed 9856K, reserved 1048576K
Event: 11.382 GC heap after
Heap after GC invocations=12 (full 3):
 PSYoungGen      total 372224K, used 0K [0x000000076ab00000, 0x000000078b180000, 0x00000007c0000000)
  eden space 341504K, 0% used [0x000000076ab00000,0x000000076ab00000,0x000000077f880000)
  from space 30720K, 0% used [0x000000077f880000,0x000000077f880000,0x0000000781680000)
  to   space 29184K, 0% used [0x0000000789500000,0x0000000789500000,0x000000078b180000)
 ParOldGen       total 195584K, used 30149K [0x00000006c0000000, 0x00000006cbf00000, 0x000000076ab00000)
  object space 195584K, 15% used [0x00000006c0000000,0x00000006c1d71710,0x00000006cbf00000)
 Metaspace       used 57925K, capacity 58788K, committed 58968K, reserved 1097728K
  class space    used 9634K, capacity 9844K, committed 9856K, reserved 1048576K
}
Event: 36.445 GC heap before
{Heap before GC invocations=13 (full 3):
 PSYoungGen      total 372224K, used 341504K [0x000000076ab00000, 0x000000078b180000, 0x00000007c0000000)
  eden space 341504K, 100% used [0x000000076ab00000,0x000000077f880000,0x000000077f880000)
  from space 30720K, 0% used [0x000000077f880000,0x000000077f880000,0x0000000781680000)
  to   space 29184K, 0% used [0x0000000789500000,0x0000000789500000,0x000000078b180000)
 ParOldGen       total 195584K, used 30335K [0x00000006c0000000, 0x00000006cbf00000, 0x000000076ab00000)
  object space 195584K, 15% used [0x00000006c0000000,0x00000006c1d9fd10,0x00000006cbf00000)
 Metaspace       used 68096K, capacity 69218K, committed 69464K, reserved 1107968K
  class space    used 11060K, capacity 11305K, committed 11392K, reserved 1048576K
Event: 36.461 GC heap after
Heap after GC invocations=13 (full 3):
 PSYoungGen      total 479232K, used 28310K [0x000000076ab00000, 0x000000078b100000, 0x00000007c0000000)
  eden space 450560K, 0% used [0x000000076ab00000,0x000000076ab00000,0x0000000786300000)
  from space 28672K, 98% used [0x0000000789500000,0x000000078b0a5bd8,0x000000078b100000)
  to   space 32768K, 0% used [0x0000000787100000,0x0000000787100000,0x0000000789100000)
 ParOldGen       total 195584K, used 30356K [0x00000006c0000000, 0x00000006cbf00000, 0x000000076ab00000)
  object space 195584K, 15% used [0x00000006c0000000,0x00000006c1da53c0,0x00000006cbf00000)
 Metaspace       used 68096K, capacity 69218K, committed 69464K, reserved 1107968K
  class space    used 11060K, capacity 11305K, committed 11392K, reserved 1048576K
}
Event: 43.717 GC heap before
{Heap before GC invocations=14 (full 3):
 PSYoungGen      total 479232K, used 478870K [0x000000076ab00000, 0x000000078b100000, 0x00000007c0000000)
  eden space 450560K, 100% used [0x000000076ab00000,0x0000000786300000,0x0000000786300000)
  from space 28672K, 98% used [0x0000000789500000,0x000000078b0a5bd8,0x000000078b100000)
  to   space 32768K, 0% used [0x0000000787100000,0x0000000787100000,0x0000000789100000)
 ParOldGen       total 195584K, used 30358K [0x00000006c0000000, 0x00000006cbf00000, 0x000000076ab00000)
  object space 195584K, 15% used [0x00000006c0000000,0x00000006c1da5810,0x00000006cbf00000)
 Metaspace       used 68722K, capacity 69872K, committed 69976K, reserved 1107968K
  class space    used 11092K, capacity 11348K, committed 11392K, reserved 1048576K
Event: 43.733 GC heap after
Heap after GC invocations=14 (full 3):
 PSYoungGen      total 497664K, used 32737K [0x000000076ab00000, 0x0000000792680000, 0x00000007c0000000)
  eden space 464896K, 0% used [0x000000076ab00000,0x000000076ab00000,0x0000000787100000)
  from space 32768K, 99% used [0x0000000787100000,0x00000007890f8710,0x0000000789100000)
  to   space 36864K, 0% used [0x0000000790280000,0x0000000790280000,0x0000000792680000)
 ParOldGen       total 195584K, used 30577K [0x00000006c0000000, 0x00000006cbf00000, 0x000000076ab00000)
  object space 195584K, 15% used [0x00000006c0000000,0x00000006c1ddc648,0x00000006cbf00000)
 Metaspace       used 68722K, capacity 69872K, committed 69976K, reserved 1107968K
  class space    used 11092K, capacity 11348K, committed 11392K, reserved 1048576K
}

Deoptimization events (10 events):
Event: 50.670 Thread 0x00007fc351389800 Uncommon trap: reason=unstable_if action=reinterpret pc=0x0000000111dabcdc method=java.security.AccessControlContext.combine([Ljava/security/ProtectionDomain;[Ljava/security/ProtectionDomain;)[Ljava/security/ProtectionDomain; @ 155
Event: 50.670 Thread 0x00007fc351389800 Uncommon trap: reason=unstable_if action=reinterpret pc=0x0000000112549570 method=java.util.IdentityHashMap.isEmpty()Z @ 4
Event: 50.681 Thread 0x00007fc351389800 Uncommon trap: reason=unstable_if action=reinterpret pc=0x0000000112ed9f84 method=sun.font.CStrike.getNativeStrikePtr()J @ 6
Event: 50.702 Thread 0x00007fc351389800 Uncommon trap: reason=unstable_if action=reinterpret pc=0x0000000112e7d66c method=javax.swing.RepaintManager.addDirtyRegion0(Ljava/awt/Container;IIII)V @ 69
Event: 50.706 Thread 0x00007fc351389800 Uncommon trap: reason=bimorphic action=maybe_recompile pc=0x00000001128ec054 method=javax.swing.text.StyleContext$NamedStyle.getAttribute(Ljava/lang/Object;)Ljava/lang/Object; @ 5
Event: 50.706 Thread 0x00007fc351389800 Uncommon trap: reason=bimorphic action=maybe_recompile pc=0x00000001128ec054 method=javax.swing.text.StyleContext$NamedStyle.getAttribute(Ljava/lang/Object;)Ljava/lang/Object; @ 5
Event: 50.706 Thread 0x00007fc351389800 Uncommon trap: reason=unstable_if action=reinterpret pc=0x0000000112b68774 method=javax.swing.text.StyleContext$SmallAttributeSet.getLocalAttribute(Ljava/lang/Object;)Ljava/lang/Object; @ 4
Event: 50.706 Thread 0x00007fc351389800 Uncommon trap: reason=bimorphic action=maybe_recompile pc=0x00000001128ec054 method=javax.swing.text.StyleContext$NamedStyle.getAttribute(Ljava/lang/Object;)Ljava/lang/Object; @ 5
Event: 50.707 Thread 0x00007fc351389800 Uncommon trap: reason=unstable_if action=reinterpret pc=0x00000001128c5270 method=javax.swing.text.StyleContext$SmallAttributeSet.getLocalAttribute(Ljava/lang/Object;)Ljava/lang/Object; @ 4
Event: 50.707 Thread 0x00007fc351389800 Uncommon trap: reason=bimorphic action=maybe_recompile pc=0x00000001128ec054 method=javax.swing.text.StyleContext$NamedStyle.getAttribute(Ljava/lang/Object;)Ljava/lang/Object; @ 5

Classes redefined (0 events):
No events

Internal exceptions (10 events):
Event: 11.104 Thread 0x00007fc351225800 Exception <a 'java/lang/ClassNotFoundException': groovy/lang/MetaClassImplCustomizer> (0x000000076b3334c8) thrown at [/Users/java_re/workspace/8-2-build-macosx-x86_64/jdk8u161/10277/hotspot/src/share/vm/classfile/systemDictionary.cpp, line 210]
Event: 11.106 Thread 0x00007fc351225800 Exception <a 'java/lang/ClassNotFoundException': groovy/lang/ExpandoMetaClassCustomizer> (0x000000076b38bcc8) thrown at [/Users/java_re/workspace/8-2-build-macosx-x86_64/jdk8u161/10277/hotspot/src/share/vm/classfile/systemDictionary.cpp, line 210]
Event: 11.194 Thread 0x00007fc351225800 Implicit null exception at 0x0000000112477221 to 0x00000001124773d5
Event: 17.046 Thread 0x00007fc351225800 Exception <a 'java/lang/NullPointerException'> (0x000000076f2b9db8) thrown at [/Users/java_re/workspace/8-2-build-macosx-x86_64/jdk8u161/10277/hotspot/src/share/vm/prims/jni.cpp, line 735]
Event: 47.131 Thread 0x00007fc351389800 Implicit null exception at 0x00000001123719ba to 0x0000000112372d51
Event: 50.610 Thread 0x00007fc350e00800 Implicit null exception at 0x00000001129044bf to 0x000000011290b335
Event: 50.669 Thread 0x00007fc351389800 Exception <a 'java/lang/NullPointerException'> (0x0000000779d8c2e8) thrown at [/Users/java_re/workspace/8-2-build-macosx-x86_64/jdk8u161/10277/hotspot/src/share/vm/prims/jvm.cpp, line 1394]
Event: 50.669 Thread 0x00007fc351389800 Exception <a 'java/lang/NullPointerException'> (0x0000000779d8c2e8) thrown at [/Users/java_re/workspace/8-2-build-macosx-x86_64/jdk8u161/10277/hotspot/src/share/vm/prims/jvm.cpp, line 1394]
Event: 50.670 Thread 0x00007fc351389800 Implicit null exception at 0x0000000112c71e2c to 0x0000000112c72445
Event: 50.670 Thread 0x00007fc351389800 Implicit null exception at 0x0000000111dab9c3 to 0x0000000111dabcc5

Events (10 events):
Event: 50.706 Thread 0x00007fc351389800 DEOPT UNPACKING pc=0x0000000111b7c73a sp=0x000070000e978fe0 mode 2
Event: 50.706 Thread 0x00007fc351389800 Uncommon trap: trap_request=0xffffffc6 fr.pc=0x00000001128ec054
Event: 50.706 Thread 0x00007fc351389800 DEOPT PACKING pc=0x00000001128ec054 sp=0x000070000e9790d0
Event: 50.706 Thread 0x00007fc351389800 DEOPT UNPACKING pc=0x0000000111b7c73a sp=0x000070000e9790d0 mode 2
Event: 50.706 Thread 0x00007fc351389800 Uncommon trap: trap_request=0xffffff65 fr.pc=0x00000001128c5270
Event: 50.707 Thread 0x00007fc351389800 DEOPT PACKING pc=0x00000001128c5270 sp=0x000070000e978eb0
Event: 50.707 Thread 0x00007fc351389800 DEOPT UNPACKING pc=0x0000000111b7c73a sp=0x000070000e978e70 mode 2
Event: 50.707 Thread 0x00007fc351389800 Uncommon trap: trap_request=0xffffffc6 fr.pc=0x00000001128ec054
Event: 50.707 Thread 0x00007fc351389800 DEOPT PACKING pc=0x00000001128ec054 sp=0x000070000e978f30
Event: 50.707 Thread 0x00007fc351389800 DEOPT UNPACKING pc=0x0000000111b7c73a sp=0x000070000e978f40 mode 2


Dynamic libraries:
0x0000000007c8e000 	/System/Library/Frameworks/Cocoa.framework/Versions/A/Cocoa
0x0000000007c8e000 	/System/Library/Frameworks/Security.framework/Versions/A/Security
0x0000000007c8e000 	/System/Library/Frameworks/ApplicationServices.framework/Versions/A/ApplicationServices
0x0000000007c8e000 	/usr/lib/libz.1.dylib
0x0000000007c8e000 	/usr/lib/libSystem.B.dylib
0x0000000007c8e000 	/usr/lib/libobjc.A.dylib
0x0000000007c8e000 	/System/Library/Frameworks/CoreFoundation.framework/Versions/A/CoreFoundation
0x0000000007c8e000 	/System/Library/Frameworks/Foundation.framework/Versions/C/Foundation
0x0000000007c8e000 	/System/Library/Frameworks/AppKit.framework/Versions/C/AppKit
0x0000000007c8e000 	/System/Library/Frameworks/CoreData.framework/Versions/A/CoreData
0x0000000007c8e000 	/System/Library/PrivateFrameworks/RemoteViewServices.framework/Versions/A/RemoteViewServices
0x0000000007c8e000 	/System/Library/PrivateFrameworks/UIFoundation.framework/Versions/A/UIFoundation
0x0000000007c8e000 	/System/Library/PrivateFrameworks/XCTTargetBootstrap.framework/Versions/A/XCTTargetBootstrap
0x0000000007c8e000 	/System/Library/Frameworks/CoreDisplay.framework/Versions/A/CoreDisplay
0x0000000007c8e000 	/System/Library/PrivateFrameworks/IconServices.framework/Versions/A/IconServices
0x0000000007c8e000 	/System/Library/Frameworks/Metal.framework/Versions/A/Metal
0x0000000007c8e000 	/System/Library/PrivateFrameworks/DesktopServicesPriv.framework/Versions/A/DesktopServicesPriv
0x0000000007c8e000 	/usr/lib/libenergytrace.dylib
0x0000000007c8e000 	/System/Library/PrivateFrameworks/SkyLight.framework/Versions/A/SkyLight
0x0000000007c8e000 	/System/Library/Frameworks/CoreGraphics.framework/Versions/A/CoreGraphics
0x0000000007c8e000 	/System/Library/Frameworks/Accelerate.framework/Versions/A/Accelerate
0x0000000007c8e000 	/System/Library/Frameworks/IOSurface.framework/Versions/A/IOSurface
0x0000000007c8e000 	/System/Library/PrivateFrameworks/DFRFoundation.framework/Versions/A/DFRFoundation
0x0000000007c8e000 	/System/Library/Frameworks/AudioToolbox.framework/Versions/A/AudioToolbox
0x0000000007c8e000 	/System/Library/Frameworks/AudioUnit.framework/Versions/A/AudioUnit
0x0000000007c8e000 	/System/Library/PrivateFrameworks/DataDetectorsCore.framework/Versions/A/DataDetectorsCore
0x0000000007c8e000 	/System/Library/Frameworks/Carbon.framework/Versions/A/Frameworks/HIToolbox.framework/Versions/A/HIToolbox
0x0000000007c8e000 	/usr/lib/libicucore.A.dylib
0x0000000007c8e000 	/System/Library/Frameworks/QuartzCore.framework/Versions/A/QuartzCore
0x0000000007c8e000 	/System/Library/Frameworks/Carbon.framework/Versions/A/Frameworks/SpeechRecognition.framework/Versions/A/SpeechRecognition
0x0000000007c8e000 	/usr/lib/libauto.dylib
0x0000000007c8e000 	/usr/lib/libxml2.2.dylib
0x0000000007c8e000 	/System/Library/PrivateFrameworks/CoreUI.framework/Versions/A/CoreUI
0x0000000007c8e000 	/System/Library/Frameworks/CoreAudio.framework/Versions/A/CoreAudio
0x0000000007c8e000 	/System/Library/Frameworks/DiskArbitration.framework/Versions/A/DiskArbitration
0x0000000007c8e000 	/usr/lib/liblangid.dylib
0x0000000007c8e000 	/System/Library/PrivateFrameworks/MultitouchSupport.framework/Versions/A/MultitouchSupport
0x0000000007c8e000 	/System/Library/Frameworks/IOKit.framework/Versions/A/IOKit
0x0000000007c8e000 	/usr/lib/libDiagnosticMessagesClient.dylib
0x0000000007c8e000 	/System/Library/Frameworks/CoreServices.framework/Versions/A/CoreServices
0x0000000007c8e000 	/System/Library/PrivateFrameworks/PerformanceAnalysis.framework/Versions/A/PerformanceAnalysis
0x0000000007c8e000 	/System/Library/Frameworks/OpenGL.framework/Versions/A/OpenGL
0x0000000007c8e000 	/System/Library/Frameworks/ColorSync.framework/Versions/A/ColorSync
0x0000000007c8e000 	/System/Library/Frameworks/CoreImage.framework/Versions/A/CoreImage
0x0000000007c8e000 	/System/Library/Frameworks/CoreText.framework/Versions/A/CoreText
0x0000000007c8e000 	/System/Library/Frameworks/ImageIO.framework/Versions/A/ImageIO
0x0000000007c8e000 	/System/Library/PrivateFrameworks/Backup.framework/Versions/A/Backup
0x0000000007c8e000 	/usr/lib/libarchive.2.dylib
0x0000000007c8e000 	/System/Library/Frameworks/CFNetwork.framework/Versions/A/CFNetwork
0x0000000007c8e000 	/System/Library/Frameworks/SystemConfiguration.framework/Versions/A/SystemConfiguration
0x0000000007c8e000 	/usr/lib/libCRFSuite.dylib
0x0000000007c8e000 	/usr/lib/libc++.1.dylib
0x0000000007c8e000 	/usr/lib/libc++abi.dylib
0x0000000007c8e000 	/usr/lib/system/libcache.dylib
0x0000000007c8e000 	/usr/lib/system/libcommonCrypto.dylib
0x0000000007c8e000 	/usr/lib/system/libcompiler_rt.dylib
0x0000000007c8e000 	/usr/lib/system/libcopyfile.dylib
0x0000000007c8e000 	/usr/lib/system/libcorecrypto.dylib
0x0000000007c8e000 	/usr/lib/system/libdispatch.dylib
0x0000000007c8e000 	/usr/lib/system/libdyld.dylib
0x0000000007c8e000 	/usr/lib/system/libkeymgr.dylib
0x0000000007c8e000 	/usr/lib/system/liblaunch.dylib
0x0000000007c8e000 	/usr/lib/system/libmacho.dylib
0x0000000007c8e000 	/usr/lib/system/libquarantine.dylib
0x0000000007c8e000 	/usr/lib/system/libremovefile.dylib
0x0000000007c8e000 	/usr/lib/system/libsystem_asl.dylib
0x0000000007c8e000 	/usr/lib/system/libsystem_blocks.dylib
0x0000000007c8e000 	/usr/lib/system/libsystem_c.dylib
0x0000000007c8e000 	/usr/lib/system/libsystem_configuration.dylib
0x0000000007c8e000 	/usr/lib/system/libsystem_coreservices.dylib
0x0000000007c8e000 	/usr/lib/system/libsystem_darwin.dylib
0x0000000007c8e000 	/usr/lib/system/libsystem_dnssd.dylib
0x0000000007c8e000 	/usr/lib/system/libsystem_info.dylib
0x0000000007c8e000 	/usr/lib/system/libsystem_m.dylib
0x0000000007c8e000 	/usr/lib/system/libsystem_malloc.dylib
0x0000000007c8e000 	/usr/lib/system/libsystem_networkextension.dylib
0x0000000007c8e000 	/usr/lib/system/libsystem_notify.dylib
0x0000000007c8e000 	/usr/lib/system/libsystem_sandbox.dylib
0x0000000007c8e000 	/usr/lib/system/libsystem_secinit.dylib
0x0000000007c8e000 	/usr/lib/system/libsystem_kernel.dylib
0x0000000007c8e000 	/usr/lib/system/libsystem_platform.dylib
0x0000000007c8e000 	/usr/lib/system/libsystem_pthread.dylib
0x0000000007c8e000 	/usr/lib/system/libsystem_symptoms.dylib
0x0000000007c8e000 	/usr/lib/system/libsystem_trace.dylib
0x0000000007c8e000 	/usr/lib/system/libunwind.dylib
0x0000000007c8e000 	/usr/lib/system/libxpc.dylib
0x0000000007c8e000 	/usr/lib/libbsm.0.dylib
0x0000000007c8e000 	/usr/lib/system/libkxld.dylib
0x0000000007c8e000 	/System/Library/PrivateFrameworks/AppleFSCompression.framework/Versions/A/AppleFSCompression
0x0000000007c8e000 	/usr/lib/libOpenScriptingUtil.dylib
0x0000000007c8e000 	/usr/lib/libcoretls.dylib
0x0000000007c8e000 	/usr/lib/libcoretls_cfhelpers.dylib
0x0000000007c8e000 	/usr/lib/libpam.2.dylib
0x0000000007c8e000 	/usr/lib/libsqlite3.dylib
0x0000000007c8e000 	/usr/lib/libxar.1.dylib
0x0000000007c8e000 	/usr/lib/libbz2.1.0.dylib
0x0000000007c8e000 	/usr/lib/liblzma.5.dylib
0x0000000007c8e000 	/usr/lib/libnetwork.dylib
0x0000000007c8e000 	/usr/lib/libapple_nghttp2.dylib
0x0000000007c8e000 	/usr/lib/libpcap.A.dylib
0x0000000007c8e000 	/System/Library/Frameworks/CoreServices.framework/Versions/A/Frameworks/FSEvents.framework/Versions/A/FSEvents
0x0000000007c8e000 	/System/Library/Frameworks/CoreServices.framework/Versions/A/Frameworks/CarbonCore.framework/Versions/A/CarbonCore
0x0000000007c8e000 	/System/Library/Frameworks/CoreServices.framework/Versions/A/Frameworks/Metadata.framework/Versions/A/Metadata
0x0000000007c8e000 	/System/Library/Frameworks/CoreServices.framework/Versions/A/Frameworks/OSServices.framework/Versions/A/OSServices
0x0000000007c8e000 	/System/Library/Frameworks/CoreServices.framework/Versions/A/Frameworks/SearchKit.framework/Versions/A/SearchKit
0x0000000007c8e000 	/System/Library/Frameworks/CoreServices.framework/Versions/A/Frameworks/AE.framework/Versions/A/AE
0x0000000007c8e000 	/System/Library/Frameworks/CoreServices.framework/Versions/A/Frameworks/LaunchServices.framework/Versions/A/LaunchServices
0x0000000007c8e000 	/System/Library/Frameworks/CoreServices.framework/Versions/A/Frameworks/DictionaryServices.framework/Versions/A/DictionaryServices
0x0000000007c8e000 	/System/Library/Frameworks/CoreServices.framework/Versions/A/Frameworks/SharedFileList.framework/Versions/A/SharedFileList
0x0000000007c8e000 	/System/Library/Frameworks/NetFS.framework/Versions/A/NetFS
0x0000000007c8e000 	/System/Library/PrivateFrameworks/NetAuth.framework/Versions/A/NetAuth
0x0000000007c8e000 	/System/Library/PrivateFrameworks/login.framework/Versions/A/Frameworks/loginsupport.framework/Versions/A/loginsupport
0x0000000007c8e000 	/System/Library/PrivateFrameworks/TCC.framework/Versions/A/TCC
0x0000000007c8e000 	/System/Library/PrivateFrameworks/CoreNLP.framework/Versions/A/CoreNLP
0x0000000007c8e000 	/System/Library/PrivateFrameworks/MetadataUtilities.framework/Versions/A/MetadataUtilities
0x0000000007c8e000 	/usr/lib/libmecabra.dylib
0x0000000007c8e000 	/System/Library/Frameworks/ApplicationServices.framework/Versions/A/Frameworks/ATS.framework/Versions/A/ATS
0x0000000007c8e000 	/System/Library/Frameworks/ApplicationServices.framework/Versions/A/Frameworks/ColorSyncLegacy.framework/Versions/A/ColorSyncLegacy
0x0000000007c8e000 	/System/Library/Frameworks/ApplicationServices.framework/Versions/A/Frameworks/HIServices.framework/Versions/A/HIServices
0x0000000007c8e000 	/System/Library/Frameworks/ApplicationServices.framework/Versions/A/Frameworks/LangAnalysis.framework/Versions/A/LangAnalysis
0x0000000007c8e000 	/System/Library/Frameworks/ApplicationServices.framework/Versions/A/Frameworks/PrintCore.framework/Versions/A/PrintCore
0x0000000007c8e000 	/System/Library/Frameworks/ApplicationServices.framework/Versions/A/Frameworks/QD.framework/Versions/A/QD
0x0000000007c8e000 	/System/Library/Frameworks/ApplicationServices.framework/Versions/A/Frameworks/SpeechSynthesis.framework/Versions/A/SpeechSynthesis
0x0000000007c8e000 	/usr/lib/libcompression.dylib
0x0000000007c8e000 	/System/Library/Frameworks/MetalPerformanceShaders.framework/Versions/A/MetalPerformanceShaders
0x0000000007c8e000 	/System/Library/Frameworks/Accelerate.framework/Versions/A/Frameworks/vImage.framework/Versions/A/vImage
0x0000000007c8e000 	/System/Library/Frameworks/Accelerate.framework/Versions/A/Frameworks/vecLib.framework/Versions/A/vecLib
0x0000000007c8e000 	/System/Library/Frameworks/Accelerate.framework/Versions/A/Frameworks/vecLib.framework/Versions/A/libvMisc.dylib
0x0000000007c8e000 	/System/Library/Frameworks/Accelerate.framework/Versions/A/Frameworks/vecLib.framework/Versions/A/libvDSP.dylib
0x0000000007c8e000 	/System/Library/Frameworks/Accelerate.framework/Versions/A/Frameworks/vecLib.framework/Versions/A/libBLAS.dylib
0x0000000007c8e000 	/System/Library/Frameworks/Accelerate.framework/Versions/A/Frameworks/vecLib.framework/Versions/A/libLAPACK.dylib
0x0000000007c8e000 	/System/Library/Frameworks/Accelerate.framework/Versions/A/Frameworks/vecLib.framework/Versions/A/libLinearAlgebra.dylib
0x0000000007c8e000 	/System/Library/Frameworks/Accelerate.framework/Versions/A/Frameworks/vecLib.framework/Versions/A/libSparseBLAS.dylib
0x0000000007c8e000 	/System/Library/Frameworks/Accelerate.framework/Versions/A/Frameworks/vecLib.framework/Versions/A/libQuadrature.dylib
0x0000000007c8e000 	/System/Library/Frameworks/Accelerate.framework/Versions/A/Frameworks/vecLib.framework/Versions/A/libBNNS.dylib
0x0000000007c8e000 	/System/Library/Frameworks/Accelerate.framework/Versions/A/Frameworks/vecLib.framework/Versions/A/libSparse.dylib
0x0000000007c8e000 	/System/Library/PrivateFrameworks/GPUWrangler.framework/Versions/A/GPUWrangler
0x0000000007c8e000 	/System/Library/PrivateFrameworks/IOAccelerator.framework/Versions/A/IOAccelerator
0x0000000007c8e000 	/System/Library/PrivateFrameworks/IOPresentment.framework/Versions/A/IOPresentment
0x0000000007c8e000 	/System/Library/PrivateFrameworks/DSExternalDisplay.framework/Versions/A/DSExternalDisplay
0x0000000007c8e000 	/System/Library/Frameworks/OpenGL.framework/Versions/A/Libraries/libCoreFSCache.dylib
0x0000000007c8e000 	/System/Library/Frameworks/MetalPerformanceShaders.framework/Frameworks/MPSCore.framework/Versions/A/MPSCore
0x0000000007c8e000 	/System/Library/Frameworks/MetalPerformanceShaders.framework/Frameworks/MPSImage.framework/Versions/A/MPSImage
0x0000000007c8e000 	/System/Library/Frameworks/MetalPerformanceShaders.framework/Frameworks/MPSNeuralNetwork.framework/Versions/A/MPSNeuralNetwork
0x0000000007c8e000 	/System/Library/Frameworks/MetalPerformanceShaders.framework/Frameworks/MPSMatrix.framework/Versions/A/MPSMatrix
0x0000000007c8e000 	/System/Library/Frameworks/MetalPerformanceShaders.framework/Frameworks/MPSRayIntersector.framework/Versions/A/MPSRayIntersector
0x0000000007c8e000 	/System/Library/PrivateFrameworks/MetalTools.framework/Versions/A/MetalTools
0x0000000007c8e000 	/System/Library/PrivateFrameworks/AggregateDictionary.framework/Versions/A/AggregateDictionary
0x0000000007c8e000 	/usr/lib/libMobileGestalt.dylib
0x0000000007c8e000 	/System/Library/Frameworks/CoreVideo.framework/Versions/A/CoreVideo
0x0000000007c8e000 	/System/Library/PrivateFrameworks/GraphVisualizer.framework/Versions/A/GraphVisualizer
0x0000000007c8e000 	/System/Library/PrivateFrameworks/FaceCore.framework/Versions/A/FaceCore
0x0000000007c8e000 	/System/Library/Frameworks/OpenCL.framework/Versions/A/OpenCL
0x0000000007c8e000 	/usr/lib/libFosl_dynamic.dylib
0x0000000007c8e000 	/System/Library/PrivateFrameworks/OTSVG.framework/Versions/A/OTSVG
0x0000000007c8e000 	/System/Library/Frameworks/ApplicationServices.framework/Versions/A/Frameworks/ATS.framework/Versions/A/Resources/libFontParser.dylib
0x0000000007c8e000 	/System/Library/Frameworks/ApplicationServices.framework/Versions/A/Frameworks/ATS.framework/Versions/A/Resources/libFontRegistry.dylib
0x0000000007c8e000 	/System/Library/Frameworks/ImageIO.framework/Versions/A/Resources/libJPEG.dylib
0x0000000007c8e000 	/System/Library/Frameworks/ImageIO.framework/Versions/A/Resources/libTIFF.dylib
0x0000000007c8e000 	/System/Library/Frameworks/ImageIO.framework/Versions/A/Resources/libPng.dylib
0x0000000007c8e000 	/System/Library/Frameworks/ImageIO.framework/Versions/A/Resources/libGIF.dylib
0x0000000007c8e000 	/System/Library/Frameworks/ImageIO.framework/Versions/A/Resources/libJP2.dylib
0x0000000007c8e000 	/System/Library/Frameworks/ImageIO.framework/Versions/A/Resources/libRadiance.dylib
0x0000000007c8e000 	/System/Library/PrivateFrameworks/AppleJPEG.framework/Versions/A/AppleJPEG
0x0000000007c8e000 	/System/Library/Frameworks/OpenGL.framework/Versions/A/Libraries/libGFXShared.dylib
0x0000000007c8e000 	/System/Library/Frameworks/OpenGL.framework/Versions/A/Libraries/libGLU.dylib
0x0000000007c8e000 	/System/Library/Frameworks/OpenGL.framework/Versions/A/Libraries/libGL.dylib
0x0000000007c8e000 	/System/Library/Frameworks/OpenGL.framework/Versions/A/Libraries/libGLImage.dylib
0x0000000007c8e000 	/System/Library/Frameworks/OpenGL.framework/Versions/A/Libraries/libCVMSPluginSupport.dylib
0x0000000007c8e000 	/System/Library/Frameworks/OpenGL.framework/Versions/A/Libraries/libCoreVMClient.dylib
0x0000000007c8e000 	/usr/lib/libcups.2.dylib
0x0000000007c8e000 	/System/Library/Frameworks/Kerberos.framework/Versions/A/Kerberos
0x0000000007c8e000 	/System/Library/Frameworks/GSS.framework/Versions/A/GSS
0x0000000007c8e000 	/usr/lib/libresolv.9.dylib
0x0000000007c8e000 	/usr/lib/libiconv.2.dylib
0x0000000007c8e000 	/System/Library/PrivateFrameworks/Heimdal.framework/Versions/A/Heimdal
0x0000000007c8e000 	/usr/lib/libheimdal-asn1.dylib
0x0000000007c8e000 	/System/Library/Frameworks/OpenDirectory.framework/Versions/A/OpenDirectory
0x0000000007c8e000 	/System/Library/PrivateFrameworks/CommonAuth.framework/Versions/A/CommonAuth
0x0000000007c8e000 	/System/Library/Frameworks/OpenDirectory.framework/Versions/A/Frameworks/CFOpenDirectory.framework/Versions/A/CFOpenDirectory
0x0000000007c8e000 	/System/Library/Frameworks/SecurityFoundation.framework/Versions/A/SecurityFoundation
0x0000000007c8e000 	/System/Library/PrivateFrameworks/APFS.framework/Versions/A/APFS
0x0000000007c8e000 	/usr/lib/libutil.dylib
0x0000000007c8e000 	/usr/lib/libcharset.1.dylib
0x0000000007c8e000 	/System/Library/PrivateFrameworks/AppleSauce.framework/Versions/A/AppleSauce
0x0000000007c8e000 	/System/Library/PrivateFrameworks/AssertionServices.framework/Versions/A/AssertionServices
0x0000000007c8e000 	/System/Library/PrivateFrameworks/BaseBoard.framework/Versions/A/BaseBoard
0x0000000007c8e000 	/usr/lib/libmecab.1.0.0.dylib
0x0000000007c8e000 	/usr/lib/libgermantok.dylib
0x0000000007c8e000 	/usr/lib/libThaiTokenizer.dylib
0x0000000007c8e000 	/usr/lib/libChineseTokenizer.dylib
0x0000000007c8e000 	/System/Library/PrivateFrameworks/LanguageModeling.framework/Versions/A/LanguageModeling
0x0000000007c8e000 	/System/Library/PrivateFrameworks/CoreEmoji.framework/Versions/A/CoreEmoji
0x0000000007c8e000 	/System/Library/PrivateFrameworks/Lexicon.framework/Versions/A/Lexicon
0x0000000007c8e000 	/System/Library/PrivateFrameworks/LinguisticData.framework/Versions/A/LinguisticData
0x0000000007c8e000 	/usr/lib/libcmph.dylib
0x0000000007c8e000 	/System/Library/Frameworks/ServiceManagement.framework/Versions/A/ServiceManagement
0x0000000007c8e000 	/System/Library/PrivateFrameworks/BackgroundTaskManagement.framework/Versions/A/BackgroundTaskManagement
0x0000000007c8e000 	/usr/lib/libxslt.1.dylib
0x0000000007c8e000 	/System/Library/Frameworks/Carbon.framework/Versions/A/Frameworks/Ink.framework/Versions/A/Ink
0x0000000007c8e000 	/System/Library/PrivateFrameworks/TextureIO.framework/Versions/A/TextureIO
0x0000000007c8e000 	/usr/lib/libate.dylib
0x0000000007c8e000 	/System/Library/PrivateFrameworks/CrashReporterSupport.framework/Versions/A/CrashReporterSupport
0x0000000007c8e000 	/System/Library/PrivateFrameworks/Sharing.framework/Versions/A/Sharing
0x0000000007c8e000 	/System/Library/PrivateFrameworks/AuthKit.framework/Versions/A/AuthKit
0x0000000007c8e000 	/System/Library/PrivateFrameworks/Apple80211.framework/Versions/A/Apple80211
0x0000000007c8e000 	/System/Library/PrivateFrameworks/CoreUtils.framework/Versions/A/CoreUtils
0x0000000007c8e000 	/System/Library/Frameworks/CoreWLAN.framework/Versions/A/CoreWLAN
0x0000000007c8e000 	/System/Library/Frameworks/IOBluetooth.framework/Versions/A/IOBluetooth
0x0000000007c8e000 	/System/Library/PrivateFrameworks/ProtocolBuffer.framework/Versions/A/ProtocolBuffer
0x0000000007c8e000 	/System/Library/PrivateFrameworks/MobileKeyBag.framework/Versions/A/MobileKeyBag
0x0000000007c8e000 	/System/Library/PrivateFrameworks/CorePhoneNumbers.framework/Versions/A/CorePhoneNumbers
0x0000000007c8e000 	/System/Library/PrivateFrameworks/AppleIDAuthSupport.framework/Versions/A/AppleIDAuthSupport
0x0000000007c8e000 	/System/Library/PrivateFrameworks/KeychainCircle.framework/Versions/A/KeychainCircle
0x0000000007c8e000 	/System/Library/PrivateFrameworks/ROCKit.framework/Versions/A/ROCKit
0x0000000007c8e000 	/System/Library/PrivateFrameworks/CoreWiFi.framework/Versions/A/CoreWiFi
0x0000000007c8e000 	/System/Library/Frameworks/CoreBluetooth.framework/Versions/A/CoreBluetooth
0x0000000007c8e000 	/System/Library/PrivateFrameworks/DebugSymbols.framework/Versions/A/DebugSymbols
0x0000000007c8e000 	/System/Library/PrivateFrameworks/CoreSymbolication.framework/Versions/A/CoreSymbolication
0x0000000007c8e000 	/System/Library/PrivateFrameworks/Symbolication.framework/Versions/A/Symbolication
0x0000000007c8e000 	/System/Library/PrivateFrameworks/SpeechRecognitionCore.framework/Versions/A/SpeechRecognitionCore
0x000000010f435000 	/Library/Java/JavaVirtualMachines/jdk1.8.0_161.jdk/Contents/Home/jre/lib/server/libjvm.dylib
0x0000000007c8e000 	/usr/lib/libstdc++.6.dylib
0x00000001103e3000 	/Library/Java/JavaVirtualMachines/jdk1.8.0_161.jdk/Contents/Home/jre/lib/libverify.dylib
0x0000000110c00000 	/Library/Java/JavaVirtualMachines/jdk1.8.0_161.jdk/Contents/Home/jre/lib/libjava.dylib
0x0000000110c36000 	/Library/Java/JavaVirtualMachines/jdk1.8.0_161.jdk/Contents/Home/jre/lib/libinstrument.dylib
0x0000000110cca000 	/Library/Java/JavaVirtualMachines/jdk1.8.0_161.jdk/Contents/Home/jre/lib/libzip.dylib
0x000000012bf7a000 	/Library/Java/JavaVirtualMachines/jdk1.8.0_161.jdk/Contents/Home/jre/lib/libnet.dylib
0x000000012c808000 	/Library/Java/JavaVirtualMachines/jdk1.8.0_161.jdk/Contents/Home/jre/lib/libosx.dylib
0x000000012c816000 	/Library/Java/JavaVirtualMachines/jdk1.8.0_161.jdk/Contents/Home/jre/lib/./libosxapp.dylib
0x0000000007c8e000 	/System/Library/Frameworks/JavaVM.framework/Versions/A/Frameworks/JavaNativeFoundation.framework/Versions/A/JavaNativeFoundation
0x0000000007c8e000 	/System/Library/Frameworks/JavaVM.framework/Versions/A/Frameworks/JavaRuntimeSupport.framework/Versions/A/JavaRuntimeSupport
0x0000000007c8e000 	/System/Library/Frameworks/Carbon.framework/Versions/A/Carbon
0x0000000007c8e000 	/System/Library/Frameworks/ExceptionHandling.framework/Versions/A/ExceptionHandling
0x0000000007c8e000 	/System/Library/Frameworks/Carbon.framework/Versions/A/Frameworks/CommonPanels.framework/Versions/A/CommonPanels
0x0000000007c8e000 	/System/Library/Frameworks/Carbon.framework/Versions/A/Frameworks/Help.framework/Versions/A/Help
0x0000000007c8e000 	/System/Library/Frameworks/Carbon.framework/Versions/A/Frameworks/ImageCapture.framework/Versions/A/ImageCapture
0x0000000007c8e000 	/System/Library/Frameworks/Carbon.framework/Versions/A/Frameworks/OpenScripting.framework/Versions/A/OpenScripting
0x0000000007c8e000 	/System/Library/Frameworks/Carbon.framework/Versions/A/Frameworks/Print.framework/Versions/A/Print
0x0000000007c8e000 	/System/Library/Frameworks/Carbon.framework/Versions/A/Frameworks/SecurityHI.framework/Versions/A/SecurityHI
0x0000000007c8e000 	/System/Library/Frameworks/JavaVM.framework/Versions/A/JavaVM
0x0000000007c8e000 	/System/Library/PrivateFrameworks/JavaLaunching.framework/Versions/A/JavaLaunching
0x000000012c913000 	/Library/Java/JavaVirtualMachines/jdk1.8.0_161.jdk/Contents/Home/jre/lib/libawt.dylib
0x000000012ca93000 	/Library/Java/JavaVirtualMachines/jdk1.8.0_161.jdk/Contents/Home/jre/lib/./libmlib_image.dylib
0x000000012cc8b000 	/Library/Java/JavaVirtualMachines/jdk1.8.0_161.jdk/Contents/Home/jre/lib/libawt_lwawt.dylib
0x0000000007c8e000 	/System/Library/PrivateFrameworks/CoreServicesInternal.framework/Versions/A/CoreServicesInternal
0x0000000007c8e000 	/System/Library/CoreServices/RawCamera.bundle/Contents/MacOS/RawCamera
0x0000000007c8e000 	/System/Library/PrivateFrameworks/MobileAsset.framework/Versions/A/MobileAsset
0x0000000007c8e000 	/System/Library/PrivateFrameworks/StreamingZip.framework/Versions/A/StreamingZip
0x0000000007c8e000 	/System/Library/Frameworks/MediaToolbox.framework/Versions/A/MediaToolbox
0x0000000007c8e000 	/System/Library/PrivateFrameworks/CoreAVCHD.framework/Versions/A/CoreAVCHD
0x0000000007c8e000 	/System/Library/Frameworks/MediaAccessibility.framework/Versions/A/MediaAccessibility
0x0000000007c8e000 	/System/Library/PrivateFrameworks/Mangrove.framework/Versions/A/Mangrove
0x0000000007c8e000 	/System/Library/Frameworks/CoreMedia.framework/Versions/A/CoreMedia
0x0000000007c8e000 	/System/Library/Frameworks/VideoToolbox.framework/Versions/A/VideoToolbox
0x0000000007c8e000 	/System/Library/PrivateFrameworks/CoreAUC.framework/Versions/A/CoreAUC
0x0000000007c8e000 	/usr/lib/libspindump.dylib
0x0000000007c8e000 	/System/Library/PrivateFrameworks/AppleVA.framework/Versions/A/AppleVA
0x0000000007c8e000 	/System/Library/Frameworks/Accelerate.framework/Versions/A/Frameworks/vImage.framework/Versions/A/Libraries/libCGInterfaces.dylib
0x0000000007c8e000 	/System/Library/Frameworks/ApplicationServices.framework/Versions/A/Frameworks/ATS.framework/Versions/A/Resources/libTrueTypeScaler.dylib
0x0000000007c8e000 	/System/Library/Extensions/AppleIntelKBLGraphicsMTLDriver.bundle/Contents/MacOS/AppleIntelKBLGraphicsMTLDriver
0x0000000007c8e000 	/System/Library/PrivateFrameworks/GPUCompiler.framework/Versions/3902/Libraries/libmetal_timestamp.dylib
0x0000000007c8e000 	/System/Library/PrivateFrameworks/FamilyControls.framework/Versions/A/FamilyControls
0x0000000007c8e000 	/System/Library/PrivateFrameworks/CommerceKit.framework/Versions/A/Frameworks/CommerceCore.framework/Versions/A/CommerceCore
0x0000000007c8e000 	/System/Library/PrivateFrameworks/SystemAdministration.framework/Versions/A/SystemAdministration
0x0000000007c8e000 	/System/Library/PrivateFrameworks/AppContainer.framework/Versions/A/AppContainer
0x0000000007c8e000 	/System/Library/PrivateFrameworks/AppSandbox.framework/Versions/A/AppSandbox
0x0000000007c8e000 	/System/Library/PrivateFrameworks/SecCodeWrapper.framework/Versions/A/SecCodeWrapper
0x0000000007c8e000 	/usr/lib/libsandbox.1.dylib
0x0000000007c8e000 	/usr/lib/libMatch.1.dylib
0x0000000007c8e000 	/System/Library/PrivateFrameworks/DiskManagement.framework/Versions/A/DiskManagement
0x0000000007c8e000 	/System/Library/Frameworks/DirectoryService.framework/Versions/A/DirectoryService
0x0000000007c8e000 	/System/Library/PrivateFrameworks/DiskImages.framework/Versions/A/DiskImages
0x0000000007c8e000 	/System/Library/PrivateFrameworks/LoginUIKit.framework/Versions/A/Frameworks/LoginUICore.framework/Versions/A/LoginUICore
0x0000000007c8e000 	/usr/lib/libCoreStorage.dylib
0x0000000007c8e000 	/usr/lib/libcsfde.dylib
0x0000000007c8e000 	/usr/lib/libodfde.dylib
0x0000000007c8e000 	/System/Library/PrivateFrameworks/MediaKit.framework/Versions/A/MediaKit
0x0000000007c8e000 	/System/Library/Frameworks/DiscRecording.framework/Versions/A/DiscRecording
0x0000000007c8e000 	/System/Library/PrivateFrameworks/EFILogin.framework/Versions/A/EFILogin
0x0000000007c8e000 	/System/Library/PrivateFrameworks/ProtectedCloudStorage.framework/Versions/A/ProtectedCloudStorage
0x0000000007c8e000 	/usr/lib/libcurl.4.dylib
0x0000000007c8e000 	/usr/lib/libcrypto.42.dylib
0x0000000007c8e000 	/usr/lib/libssl.44.dylib
0x0000000007c8e000 	/System/Library/Frameworks/LDAP.framework/Versions/A/LDAP
0x0000000007c8e000 	/System/Library/PrivateFrameworks/TrustEvaluationAgent.framework/Versions/A/TrustEvaluationAgent
0x0000000007c8e000 	/usr/lib/libsasl2.2.dylib
0x0000000007c8e000 	/System/Library/PrivateFrameworks/CoreDaemon.framework/Versions/B/CoreDaemon
0x0000000007c8e000 	/System/Library/PrivateFrameworks/AppleSRP.framework/Versions/A/AppleSRP
0x0000000007c8e000 	/System/Library/PrivateFrameworks/ViewBridge.framework/Versions/A/ViewBridge
0x0000000130dcc000 	/Library/Java/JavaVirtualMachines/jdk1.8.0_161.jdk/Contents/Home/jre/lib/libfontmanager.dylib
0x0000000007c8e000 	/System/Library/Frameworks/OpenGL.framework/Versions/A/Resources/GLEngine.bundle/GLEngine
0x0000000007c8e000 	/System/Library/Frameworks/OpenGL.framework/Versions/A/Libraries/libGLProgrammability.dylib
0x0000000007c8e000 	/System/Library/Extensions/AppleIntelKBLGraphicsGLDriver.bundle/Contents/MacOS/AppleIntelKBLGraphicsGLDriver
0x0000000007c8e000 	/System/Library/PrivateFrameworks/GPUSupport.framework/Versions/A/Libraries/libGPUSupportMercury.dylib
0x0000000007c8e000 	/System/Library/Frameworks/OpenGL.framework/Versions/A/Resources/GLRendererFloat.bundle/GLRendererFloat
0x0000000007c8e000 	/System/Library/Frameworks/OpenCL.framework/Versions/A/Libraries/libcldcpuengine.dylib
0x0000000007c8e000 	/usr/lib/libcrypto.35.dylib
0x000000012bf71000 	/Library/Java/JavaVirtualMachines/jdk1.8.0_161.jdk/Contents/Home/jre/lib/libosxui.dylib
0x000000012c1a1000 	/Library/Java/JavaVirtualMachines/jdk1.8.0_161.jdk/Contents/Home/jre/lib/libnio.dylib
0x000000012bfe2000 	/usr/lib/libobjc-trampolines.dylib
0x000000012fc64000 	/Library/Java/JavaVirtualMachines/jdk1.8.0_161.jdk/Contents/Home/jre/lib/libdcpr.dylib
0x0000000161517000 	/Library/Java/JavaVirtualMachines/jdk1.8.0_161.jdk/Contents/Home/jre/lib/libsunec.dylib
0x0000000007c8e000 	/System/Library/PrivateFrameworks/login.framework/Versions/A/login
0x000000012ec40000 	/Library/Java/JavaVirtualMachines/jdk1.8.0_161.jdk/Contents/Home/jre/lib/libmanagement.dylib
0x0000000007c8e000 	/System/Library/PrivateFrameworks/CloudDocs.framework/Versions/A/CloudDocs
0x0000000007c8e000 	/System/Library/PrivateFrameworks/FileProvider.framework/Versions/A/FileProvider
0x0000000007c8e000 	/System/Library/PrivateFrameworks/SpotlightIndex.framework/Versions/A/SpotlightIndex
0x0000000007c8e000 	/System/Library/PrivateFrameworks/SymptomDiagnosticReporter.framework/Versions/A/SymptomDiagnosticReporter
0x0000000007c8e000 	/System/Library/PrivateFrameworks/GenerationalStorage.framework/Versions/A/GenerationalStorage
0x0000000007c8e000 	/System/Library/PrivateFrameworks/ChunkingLibrary.framework/Versions/A/ChunkingLibrary
0x0000000007c8e000 	/System/Library/PrivateFrameworks/PowerLog.framework/Versions/A/PowerLog
0x0000000007c8e000 	/System/Library/PrivateFrameworks/CoreAnalytics.framework/Versions/A/CoreAnalytics

VM Arguments:
jvm_args: -javaagent:/Applications/IntelliJ IDEA CE.app/Contents/lib/idea_rt.jar=65438:/Applications/IntelliJ IDEA CE.app/Contents/bin -Dfile.encoding=UTF-8 
java_command: commands.RunPlatyBrowserOpenCommand
java_class_path (initial): /Library/Java/JavaVirtualMachines/jdk1.8.0_161.jdk/Contents/Home/jre/lib/charsets.jar:/Library/Java/JavaVirtualMachines/jdk1.8.0_161.jdk/Contents/Home/jre/lib/deploy.jar:/Library/Java/JavaVirtualMachines/jdk1.8.0_161.jdk/Contents/Home/jre/lib/ext/cldrdata.jar:/Library/Java/JavaVirtualMachines/jdk1.8.0_161.jdk/Contents/Home/jre/lib/ext/dnsns.jar:/Library/Java/JavaVirtualMachines/jdk1.8.0_161.jdk/Contents/Home/jre/lib/ext/jaccess.jar:/Library/Java/JavaVirtualMachines/jdk1.8.0_161.jdk/Contents/Home/jre/lib/ext/jfxrt.jar:/Library/Java/JavaVirtualMachines/jdk1.8.0_161.jdk/Contents/Home/jre/lib/ext/localedata.jar:/Library/Java/JavaVirtualMachines/jdk1.8.0_161.jdk/Contents/Home/jre/lib/ext/nashorn.jar:/Library/Java/JavaVirtualMachines/jdk1.8.0_161.jdk/Contents/Home/jre/lib/ext/sunec.jar:/Library/Java/JavaVirtualMachines/jdk1.8.0_161.jdk/Contents/Home/jre/lib/ext/sunjce_provider.jar:/Library/Java/JavaVirtualMachines/jdk1.8.0_161.jdk/Contents/Home/jre/lib/ext/sunpkcs11.jar:/Library/Java/JavaVirtualMachines/jdk1.8.0_161.jdk/Contents/Home/jre/lib/ext/zipfs.jar:/Library/Java/JavaVirtualMachines/jdk1.8.0_161.jdk/Contents/Home/jre/lib/javaws.jar:/Library/Java/JavaVirtualMachines/jdk1.8.0_161.jdk/Contents/Home/jre/lib/jce.jar:/Library/Java/JavaVirtualMachines/jdk1.8.0_161.jdk/Contents/Home/jre/lib/jfr.jar:/Library/Java/JavaVirtualMachines/jdk1.8.0_161.jdk/Contents/Home/jre/lib/jfxswt.jar:/Library/Java/JavaVirtualMachines/jdk1.8.0_161.jdk/Contents/Home/jre/lib/jsse.jar:/Library/Java/JavaVirtualMachines/jdk1.8.0_161.jdk/Contents/Home/jre/lib/management-agent.jar:/Library/Java/JavaVirtualMachines/jdk1.8.0_161.jdk/Contents/Home/jre/lib/plugin.jar:/Library/Java/JavaVirtualMachines/jdk1.8.0_161.jdk/Contents/Home/jre/lib/resources.jar:/Library/Java/JavaVirtualMachines/jdk1.8.0_161.jdk/Contents/Home/jre/lib/rt.jar:/Library/Java/JavaVirtualMachines/jdk1.8.0_161.jdk/Contents/Home/lib/ant-javafx.jar:/Library/Java/JavaVirtualMachines/jdk1.8.0_161.jdk/Contents/Home
Launcher Type: SUN_STANDARD

Environment Variables:
JAVA_HOME=/Library/Java/JavaVirtualMachines/jdk1.8.0_161.jdk/Contents/Home
PATH=/Users/tischer/.gem/ruby/2.6.0/bin:/Users/tischer/.rbenv/shims:/usr/local/opt/ruby/bin:/anaconda3/condabin:/usr/local/Cellar/pandoc/2.7.2/bin:/anaconda3/bin:/Applications/apache-maven-3.5.3/bin:/usr/local/Cellar/pandoc/2.7.2/bin:/usr/local/bin:/usr/local/bin/ImageMagick-7.0.8:/usr/bin:/bin:/usr/sbin:/sbin:/opt/X11/bin
SHELL=/bin/bash
DISPLAY=/private/tmp/com.apple.launchd.IFQJZcL8qn/org.macosforge.xquartz:0

Signal Handlers:
SIGSEGV: [libjvm.dylib+0x5b5439], sa_mask[0]=11111111011111110111111111111111, sa_flags=SA_ONSTACK|SA_RESTART|SA_SIGINFO
SIGBUS: [libjvm.dylib+0x5b5439], sa_mask[0]=11111111011111110111111111111111, sa_flags=SA_RESTART|SA_SIGINFO
SIGFPE: [libjvm.dylib+0x48ae24], sa_mask[0]=11111111011111110111111111111111, sa_flags=SA_RESTART|SA_SIGINFO
SIGPIPE: [libjvm.dylib+0x48ae24], sa_mask[0]=11111111011111110111111111111111, sa_flags=SA_RESTART|SA_SIGINFO
SIGXFSZ: [libjvm.dylib+0x48ae24], sa_mask[0]=11111111011111110111111111111111, sa_flags=SA_RESTART|SA_SIGINFO
SIGILL: [libjvm.dylib+0x48ae24], sa_mask[0]=11111111011111110111111111111111, sa_flags=SA_RESTART|SA_SIGINFO
SIGUSR1: SIG_DFL, sa_mask[0]=00000000000000000000000000000000, sa_flags=none
SIGUSR2: [libjvm.dylib+0x48a942], sa_mask[0]=00100000000000000000000000000000, sa_flags=SA_RESTART|SA_SIGINFO
SIGHUP: [libjvm.dylib+0x488f0d], sa_mask[0]=11111111011111110111111111111111, sa_flags=SA_RESTART|SA_SIGINFO
SIGINT: [libjvm.dylib+0x488f0d], sa_mask[0]=11111111011111110111111111111111, sa_flags=SA_RESTART|SA_SIGINFO
SIGTERM: [libjvm.dylib+0x488f0d], sa_mask[0]=11111111011111110111111111111111, sa_flags=SA_RESTART|SA_SIGINFO
SIGQUIT: [libjvm.dylib+0x488f0d], sa_mask[0]=11111111011111110111111111111111, sa_flags=SA_RESTART|SA_SIGINFO


---------------  S Y S T E M  ---------------

OS:Bsduname:Darwin 18.7.0 Darwin Kernel Version 18.7.0: Tue Aug 20 16:57:14 PDT 2019; root:xnu-4903.271.2~2/RELEASE_X86_64 x86_64
rlimit: STACK 8192k, CORE 0k, NPROC 1418, NOFILE 10240, AS infinity
load average:2.34 1.88 1.89

CPU:total 4 (initial active 4) (2 cores per cpu, 2 threads per core) family 6 model 142 stepping 9, cmov, cx8, fxsr, mmx, sse, sse2, sse3, ssse3, sse4.1, sse4.2, popcnt, avx, avx2, aes, clmul, erms, rtm, 3dnowpref, lzcnt, ht, tsc, tscinvbit, bmi1, bmi2, adx

Memory: 4k page, physical 16777216k(17852k free)

/proc/meminfo:


vm_info: Java HotSpot(TM) 64-Bit Server VM (25.161-b12) for bsd-amd64 JRE (1.8.0_161-b12), built on Dec 19 2017 16:22:20 by "java_re" with gcc 4.2.1 (Based on Apple Inc. build 5658) (LLVM build 2336.11.00)

time: Wed Feb 12 19:10:00 2020
elapsed time: 50 seconds (0d 0h 0m 50s)

