#
# A fatal error has been detected by the Java Runtime Environment:
#
#  SIGSEGV (0xb) at pc=0x00007fff5dcab6f2, pid=75395, tid=0x0000000000000c3b
#
# JRE version: OpenJDK Runtime Environment (8.0_312-b07) (build 1.8.0_312-b07)
# Java VM: OpenJDK 64-Bit Server VM (25.312-b07 mixed mode bsd-amd64 compressed oops)
# Problematic frame:
# C  [libsystem_platform.dylib+0x16f2]  _platform_strlen+0x12
#
# Failed to write core dump. Core dumps have been disabled. To enable core dumping, try "ulimit -c unlimited" before starting Java again
#
# If you would like to submit a bug report, please visit:
#   https://github.com/corretto/corretto-8/issues/
# The crash happened outside the Java Virtual Machine in native code.
# See problematic frame for where to report the bug.
#

---------------  T H R E A D  ---------------

Current thread (0x00007fdb2f732800):  JavaThread "Thread-23" [_thread_in_native, id=3131, stack(0x000070000d698000,0x000070000d798000)]

siginfo: si_signo: 11 (SIGSEGV), si_code: 1 (SEGV_MAPERR), si_addr: 0x00000c1300005070

Registers:
RAX=0x00000c1300005070, RBX=0x00007fff5c30e740, RCX=0x00000c1300005070, RDX=0x00000c1300005070
RSP=0x000070000d7955b0, RBP=0x000070000d7955b0, RSI=0x00000c1300005070, RDI=0x00000c1300005070
R8 =0x0000000000000000, R9 =0x00000000ffe3ffff, R10=0x00007fdb2ef00000, R11=0x0000000000000005
R12=0x00000c1300005070, R13=0x000000008000000c, R14=0x00000c1300005070, R15=0x00007fff5c30e740
RIP=0x00007fff5dcab6f2, EFLAGS=0x0000000000010202, ERR=0x0000000000000004
  TRAPNO=0x000000000000000e

Top of Stack: (sp=0x000070000d7955b0)
0x000070000d7955b0:   000070000d7955e0 00007fff5c2e1389
0x000070000d7955c0:   00007fff5c30e740 00000c1300005070
0x000070000d7955d0:   0000000000000000 0000000000000000
0x000070000d7955e0:   000070000d795600 00007fff5c2fe576
0x000070000d7955f0:   0000000000000000 0000000000000000
0x000070000d795600:   000070000d795650 00007fff5c2fe5c6
0x000070000d795610:   0000000000000004 f6b8400070001000
0x000070000d795620:   000000000000ffff 0000000000000000
0x000070000d795630:   0000000000000000 0000000000000018
0x000070000d795640:   00000001609fe2e0 0000000000000000
0x000070000d795650:   000070000d7956b0 00007fff5c2eee2a
0x000070000d795660:   0000000000000040 0000000000000001
0x000070000d795670:   0000000000000001 000000010b2b3000
0x000070000d795680:   0000700000000001 00000001609fe2e0
0x000070000d795690:   0000000000000000 00007fdb2ef34900
0x000070000d7956a0:   000070000d795700 0000000000000008
0x000070000d7956b0:   000070000d795700 00007fff5c2e3ec5
0x000070000d7956c0:   000070000d795710 000000009497f140
0x000070000d7956d0:   0000000160a03568 00007fdb2ef34910
0x000070000d7956e0:   0000000000000000 00007ffffffffff8
0x000070000d7956f0:   000070000d795710 0000000160a03280
0x000070000d795700:   000070000d795780 00007fff5c2f7fdf
0x000070000d795710:   00000001609fe2e0 00007fff9497f0f0
0x000070000d795720:   0000000160a03590 0000000160a031f0
0x000070000d795730:   00007fff9497edc0 00007fdb2ef34910
0x000070000d795740:   0000000160a03568 0000000160a03280
0x000070000d795750:   00007fff9497f140 0000000160a03568
0x000070000d795760:   0000000160a03568 0000000000000001
0x000070000d795770:   0000000000000000 0000000160a03590
0x000070000d795780:   000070000d7957b0 00007fff5c2fcf49
0x000070000d795790:   0000000160a03568 0000000160a03280
0x000070000d7957a0:   0000000000000001 0000000160a03590 

Instructions: (pc=0x00007fff5dcab6f2)
0x00007fff5dcab6d2:   90 90 90 90 90 90 90 90 90 90 90 90 90 90 55 48
0x00007fff5dcab6e2:   89 e5 48 89 f9 48 89 fa 48 83 e7 f0 66 0f ef c0
0x00007fff5dcab6f2:   66 0f 74 07 66 0f d7 f0 48 83 e1 0f 48 83 c8 ff
0x00007fff5dcab702:   48 d3 e0 21 c6 74 17 0f bc c6 48 29 d7 48 01 f8 

Register to memory mapping:

RAX=0x00000c1300005070 is an unknown value
RBX=0x00007fff5c30e740: _objc_opt_data+0x3a68 in /usr/lib/libobjc.A.dylib at 0x00007fff5c2df000
RCX=0x00000c1300005070 is an unknown value
RDX=0x00000c1300005070 is an unknown value
RSP=0x000070000d7955b0 is pointing into the stack for thread: 0x00007fdb2f732800
RBP=0x000070000d7955b0 is pointing into the stack for thread: 0x00007fdb2f732800
RSI=0x00000c1300005070 is an unknown value
RDI=0x00000c1300005070 is an unknown value
R8 =0x0000000000000000 is an unknown value
R9 =0x00000000ffe3ffff is an unknown value
R10=0x00007fdb2ef00000 is an unknown value
R11=0x0000000000000005 is an unknown value
R12=0x00000c1300005070 is an unknown value
R13=0x000000008000000c is an unknown value
R14=0x00000c1300005070 is an unknown value
R15=0x00007fff5c30e740: _objc_opt_data+0x3a68 in /usr/lib/libobjc.A.dylib at 0x00007fff5c2df000


Stack: [0x000070000d698000,0x000070000d798000],  sp=0x000070000d7955b0,  free space=1013k
Native frames: (J=compiled Java code, j=interpreted, Vv=VM code, C=native code)
C  [libsystem_platform.dylib+0x16f2]  _platform_strlen+0x12
C  [libobjc.A.dylib+0x2389]  objc_opt::objc_stringhash_t::getIndex(char const*) const+0x19
C  [libobjc.A.dylib+0x1f576]  search_builtins(char const*)+0x20
C  [libobjc.A.dylib+0x1f5c6]  __sel_registerName(char const*, bool, bool)+0x26
C  [libobjc.A.dylib+0xfe2a]  fixupMethodList(method_list_t*, bool, bool)+0x64
C  [libobjc.A.dylib+0x4ec5]  prepareMethodLists(objc_class*, method_list_t**, int, bool, bool)+0x88
C  [libobjc.A.dylib+0x18fdf]  realizeClassWithoutSwift(objc_class*)+0x6a2
C  [libobjc.A.dylib+0x1df49]  realizeClassMaybeSwiftMaybeRelock(objc_class*, mutex_tt<false>&, bool)+0x132
C  [libobjc.A.dylib+0x185d0]  initializeAndMaybeRelock(objc_class*, objc_object*, mutex_tt<false>&, bool)+0x5c
C  [libobjc.A.dylib+0x7690]  lookUpImpOrForward+0xe4
C  [libobjc.A.dylib+0x7114]  _objc_msgSend_uncached+0x44
C  [libnativewindow_macosx.dylib+0x6be6]  Java_jogamp_nativewindow_macosx_OSXUtil_RunOnMainThread0+0x116
C  [libnativewindow_macosx.dylib+0x6b0d]  Java_jogamp_nativewindow_macosx_OSXUtil_RunOnMainThread0+0x3d
j  jogamp.nativewindow.macosx.OSXUtil.RunOnMainThread0(ZLjava/lang/Runnable;)V+0
j  jogamp.nativewindow.macosx.OSXUtil.RunOnMainThread(ZZLjava/lang/Runnable;)V+62
j  jogamp.nativewindow.macosx.OSXUtil.CreateNSWindow(IIII)J+24
j  jogamp.nativewindow.macosx.OSXDummyUpstreamSurfaceHook.create(Lcom/jogamp/nativewindow/ProxySurface;)V+27
j  jogamp.nativewindow.ProxySurfaceImpl.createNotify()V+12
j  jogamp.opengl.GLDrawableImpl.setRealized(Z)V+148
j  jogamp.opengl.macosx.cgl.MacOSXCGLDrawableFactory.getOrCreateSharedResourceImpl(Lcom/jogamp/nativewindow/AbstractGraphicsDevice;)Ljogamp/opengl/macosx/cgl/MacOSXCGLDrawableFactory$SharedResource;+172
j  jogamp.opengl.macosx.cgl.MacOSXCGLDrawableFactory.getOrCreateSharedResourceImpl(Lcom/jogamp/nativewindow/AbstractGraphicsDevice;)Ljogamp/opengl/SharedResourceRunner$Resource;+2
j  jogamp.opengl.GLDrawableFactoryImpl.getOrCreateSharedResource(Lcom/jogamp/nativewindow/AbstractGraphicsDevice;)Ljogamp/opengl/SharedResourceRunner$Resource;+13
j  jogamp.opengl.GLDrawableFactoryImpl.createSharedResourceImpl(Lcom/jogamp/nativewindow/AbstractGraphicsDevice;)Z+2
j  com.jogamp.opengl.GLDrawableFactory.createSharedResource(Lcom/jogamp/nativewindow/AbstractGraphicsDevice;)Z+2
j  com.jogamp.opengl.GLProfile.initProfilesForDeviceCritical(Lcom/jogamp/nativewindow/AbstractGraphicsDevice;)Z+232
j  com.jogamp.opengl.GLProfile.initProfilesForDevice(Lcom/jogamp/nativewindow/AbstractGraphicsDevice;)Z+30
j  com.jogamp.opengl.GLProfile.initProfilesForDefaultDevices()V+628
j  com.jogamp.opengl.GLProfile.access$000()V+0
j  com.jogamp.opengl.GLProfile$1.run()Ljava/lang/Object;+59
v  ~StubRoutines::call_stub
V  [libjvm.dylib+0x2c40cc]  JavaCalls::call_helper(JavaValue*, methodHandle*, JavaCallArguments*, Thread*)+0x688
V  [libjvm.dylib+0x32abe0]  JVM_DoPrivileged+0x60a
J 1088  java.security.AccessController.doPrivileged(Ljava/security/PrivilegedAction;)Ljava/lang/Object; (0 bytes) @ 0x000000011b6acb3f [0x000000011b6aca80+0xbf]
j  com.jogamp.common.util.SecurityUtil.doPrivileged(Ljava/security/PrivilegedAction;)Ljava/lang/Object;+14
j  com.jogamp.opengl.GLProfile.initSingleton()V+78
j  com.jogamp.opengl.GLProfile.getProfileMap(Lcom/jogamp/nativewindow/AbstractGraphicsDevice;Z)Ljava/util/HashMap;+0
j  com.jogamp.opengl.GLProfile.get(Lcom/jogamp/nativewindow/AbstractGraphicsDevice;[Ljava/lang/String;Z)Lcom/jogamp/opengl/GLProfile;+4
j  com.jogamp.opengl.GLProfile.get([Ljava/lang/String;Z)Lcom/jogamp/opengl/GLProfile;+5
j  com.jogamp.opengl.GLProfile.getMaxFixedFunc(Z)Lcom/jogamp/opengl/GLProfile;+4
j  org.scijava.java3d.JoglPipeline.initialize(Lorg/scijava/java3d/Pipeline$Type;)V+31
j  org.scijava.java3d.Pipeline.createPipeline(Lorg/scijava/java3d/Pipeline$Type;)V+21
j  org.scijava.java3d.MasterControl.loadLibraries()V+95
j  org.scijava.java3d.VirtualUniverse.<clinit>()V+213
v  ~StubRoutines::call_stub
V  [libjvm.dylib+0x2c40cc]  JavaCalls::call_helper(JavaValue*, methodHandle*, JavaCallArguments*, Thread*)+0x688
V  [libjvm.dylib+0x28d42e]  InstanceKlass::call_class_initializer_impl(instanceKlassHandle, Thread*)+0xba
V  [libjvm.dylib+0x28c2a7]  InstanceKlass::initialize_impl(instanceKlassHandle, Thread*)+0x475
V  [libjvm.dylib+0x28be1e]  InstanceKlass::initialize(Thread*)+0x3a
V  [libjvm.dylib+0x28bfc9]  InstanceKlass::initialize_impl(instanceKlassHandle, Thread*)+0x197
V  [libjvm.dylib+0x28be1e]  InstanceKlass::initialize(Thread*)+0x3a
V  [libjvm.dylib+0x28bfc9]  InstanceKlass::initialize_impl(instanceKlassHandle, Thread*)+0x197
V  [libjvm.dylib+0x28be1e]  InstanceKlass::initialize(Thread*)+0x3a
V  [libjvm.dylib+0x28bfc9]  InstanceKlass::initialize_impl(instanceKlassHandle, Thread*)+0x197
V  [libjvm.dylib+0x28be1e]  InstanceKlass::initialize(Thread*)+0x3a
V  [libjvm.dylib+0x28bfc9]  InstanceKlass::initialize_impl(instanceKlassHandle, Thread*)+0x197
V  [libjvm.dylib+0x28be1e]  InstanceKlass::initialize(Thread*)+0x3a
V  [libjvm.dylib+0x2bb3aa]  InterpreterRuntime::_new(JavaThread*, ConstantPool*, int)+0x5e
j  org.embl.mobie.lib.volume.UniverseManager.get()Lij3d/Image3DUniverse;+8
j  org.embl.mobie.lib.volume.SegmentVolumeViewer.showSegments(ZZ)V+16
j  org.embl.mobie.lib.ui.UserInterfaceHelper.lambda$null$23(Lorg/embl/mobie/lib/serialize/display/SegmentationDisplay;Ljavax/swing/JCheckBox;)V+9
j  org.embl.mobie.lib.ui.UserInterfaceHelper$$Lambda$715.run()V+8
j  java.lang.Thread.run()V+11
v  ~StubRoutines::call_stub
V  [libjvm.dylib+0x2c40cc]  JavaCalls::call_helper(JavaValue*, methodHandle*, JavaCallArguments*, Thread*)+0x688
V  [libjvm.dylib+0x2c2f19]  JavaCalls::call_virtual(JavaValue*, KlassHandle, Symbol*, Symbol*, JavaCallArguments*, Thread*)+0x119
V  [libjvm.dylib+0x2c3165]  JavaCalls::call_virtual(JavaValue*, Handle, KlassHandle, Symbol*, Symbol*, Thread*)+0x57
V  [libjvm.dylib+0x332690]  thread_entry(JavaThread*, Thread*)+0x78
V  [libjvm.dylib+0x536fb3]  JavaThread::thread_main_inner()+0x89
V  [libjvm.dylib+0x536e71]  JavaThread::run()+0x171
V  [libjvm.dylib+0x46c41e]  java_start(Thread*)+0xf1
C  [libsystem_pthread.dylib+0x32eb]  _pthread_body+0x7e
C  [libsystem_pthread.dylib+0x6249]  _pthread_start+0x42
C  [libsystem_pthread.dylib+0x240d]  thread_start+0xd
C  0x0000000000000000

Java frames: (J=compiled Java code, j=interpreted, Vv=VM code)
j  jogamp.nativewindow.macosx.OSXUtil.RunOnMainThread0(ZLjava/lang/Runnable;)V+0
j  jogamp.nativewindow.macosx.OSXUtil.RunOnMainThread(ZZLjava/lang/Runnable;)V+62
j  jogamp.nativewindow.macosx.OSXUtil.CreateNSWindow(IIII)J+24
j  jogamp.nativewindow.macosx.OSXDummyUpstreamSurfaceHook.create(Lcom/jogamp/nativewindow/ProxySurface;)V+27
j  jogamp.nativewindow.ProxySurfaceImpl.createNotify()V+12
j  jogamp.opengl.GLDrawableImpl.setRealized(Z)V+148
j  jogamp.opengl.macosx.cgl.MacOSXCGLDrawableFactory.getOrCreateSharedResourceImpl(Lcom/jogamp/nativewindow/AbstractGraphicsDevice;)Ljogamp/opengl/macosx/cgl/MacOSXCGLDrawableFactory$SharedResource;+172
j  jogamp.opengl.macosx.cgl.MacOSXCGLDrawableFactory.getOrCreateSharedResourceImpl(Lcom/jogamp/nativewindow/AbstractGraphicsDevice;)Ljogamp/opengl/SharedResourceRunner$Resource;+2
j  jogamp.opengl.GLDrawableFactoryImpl.getOrCreateSharedResource(Lcom/jogamp/nativewindow/AbstractGraphicsDevice;)Ljogamp/opengl/SharedResourceRunner$Resource;+13
j  jogamp.opengl.GLDrawableFactoryImpl.createSharedResourceImpl(Lcom/jogamp/nativewindow/AbstractGraphicsDevice;)Z+2
j  com.jogamp.opengl.GLDrawableFactory.createSharedResource(Lcom/jogamp/nativewindow/AbstractGraphicsDevice;)Z+2
j  com.jogamp.opengl.GLProfile.initProfilesForDeviceCritical(Lcom/jogamp/nativewindow/AbstractGraphicsDevice;)Z+232
j  com.jogamp.opengl.GLProfile.initProfilesForDevice(Lcom/jogamp/nativewindow/AbstractGraphicsDevice;)Z+30
j  com.jogamp.opengl.GLProfile.initProfilesForDefaultDevices()V+628
j  com.jogamp.opengl.GLProfile.access$000()V+0
j  com.jogamp.opengl.GLProfile$1.run()Ljava/lang/Object;+59
v  ~StubRoutines::call_stub
J 1088  java.security.AccessController.doPrivileged(Ljava/security/PrivilegedAction;)Ljava/lang/Object; (0 bytes) @ 0x000000011b6acacf [0x000000011b6aca80+0x4f]
j  com.jogamp.common.util.SecurityUtil.doPrivileged(Ljava/security/PrivilegedAction;)Ljava/lang/Object;+14
j  com.jogamp.opengl.GLProfile.initSingleton()V+78
j  com.jogamp.opengl.GLProfile.getProfileMap(Lcom/jogamp/nativewindow/AbstractGraphicsDevice;Z)Ljava/util/HashMap;+0
j  com.jogamp.opengl.GLProfile.get(Lcom/jogamp/nativewindow/AbstractGraphicsDevice;[Ljava/lang/String;Z)Lcom/jogamp/opengl/GLProfile;+4
j  com.jogamp.opengl.GLProfile.get([Ljava/lang/String;Z)Lcom/jogamp/opengl/GLProfile;+5
j  com.jogamp.opengl.GLProfile.getMaxFixedFunc(Z)Lcom/jogamp/opengl/GLProfile;+4
j  org.scijava.java3d.JoglPipeline.initialize(Lorg/scijava/java3d/Pipeline$Type;)V+31
j  org.scijava.java3d.Pipeline.createPipeline(Lorg/scijava/java3d/Pipeline$Type;)V+21
j  org.scijava.java3d.MasterControl.loadLibraries()V+95
j  org.scijava.java3d.VirtualUniverse.<clinit>()V+213
v  ~StubRoutines::call_stub
j  org.embl.mobie.lib.volume.UniverseManager.get()Lij3d/Image3DUniverse;+8
j  org.embl.mobie.lib.volume.SegmentVolumeViewer.showSegments(ZZ)V+16
j  org.embl.mobie.lib.ui.UserInterfaceHelper.lambda$null$23(Lorg/embl/mobie/lib/serialize/display/SegmentationDisplay;Ljavax/swing/JCheckBox;)V+9
j  org.embl.mobie.lib.ui.UserInterfaceHelper$$Lambda$715.run()V+8
j  java.lang.Thread.run()V+11
v  ~StubRoutines::call_stub

---------------  P R O C E S S  ---------------

Java Threads: ( => current thread )
=>0x00007fdb2f732800 JavaThread "Thread-23" [_thread_in_native, id=3131, stack(0x000070000d698000,0x000070000d798000)]
  0x00007fdb2aa62800 JavaThread "ForkJoinPool-1-worker-0" daemon [_thread_in_Java, id=69255, stack(0x000070000d000000,0x000070000d100000)]
  0x00007fdb3042e800 JavaThread "pool-2-thread-2" [_thread_blocked, id=91155, stack(0x000070000e33f000,0x000070000e43f000)]
  0x00007fdb29004000 JavaThread "DestroyJavaVM" [_thread_blocked, id=7171, stack(0x000070000bd47000,0x000070000be47000)]
  0x00007fdb2c6bf800 JavaThread "ForkJoinPool-1-worker-1" daemon [_thread_in_Java, id=74055, stack(0x000070000d89e000,0x000070000d99e000)]
  0x00007fdb2f75a800 JavaThread "JNA Cleaner" daemon [_thread_blocked, id=77163, stack(0x000070000d38f000,0x000070000d48f000)]
  0x00007fdb2f73b000 JavaThread "java-sdk-http-connection-reaper" daemon [_thread_blocked, id=67687, stack(0x000070000daa4000,0x000070000dba4000)]
  0x00007fdb300a9000 JavaThread "pool-2-thread-1" [_thread_blocked, id=127235, stack(0x000070000e23c000,0x000070000e33c000)]
  0x00007fdb2e1c1800 JavaThread "Fetcher-2" daemon [_thread_in_native, id=89859, stack(0x000070000e139000,0x000070000e239000)]
  0x00007fdb2a639000 JavaThread "Fetcher-1" daemon [_thread_in_native, id=128035, stack(0x000070000e036000,0x000070000e136000)]
  0x00007fdb300a8000 JavaThread "Fetcher-0" daemon [_thread_in_native, id=128815, stack(0x000070000df33000,0x000070000e033000)]
  0x00007fdb2e167800 JavaThread "SwingWorker-pool-1-thread-1" daemon [_thread_blocked, id=88339, stack(0x000070000ddad000,0x000070000dead000)]
  0x00007fdb2f955000 JavaThread "ForkJoinPool-1-worker-2" daemon [_thread_in_Java, id=130051, stack(0x000070000dba7000,0x000070000dca7000)]
  0x00007fdb2e7f6800 JavaThread "PainterThread" daemon [_thread_blocked, id=68131, stack(0x000070000d9a1000,0x000070000daa1000)]
  0x00007fdb2a76b000 JavaThread "TimerQueue" daemon [_thread_blocked, id=72727, stack(0x000070000d79b000,0x000070000d89b000)]
  0x00007fdb2c523000 JavaThread "Timer-1" [_thread_blocked, id=76547, stack(0x000070000d595000,0x000070000d695000)]
  0x00007fdb2c36b000 JavaThread "AWT-EventQueue-0" [_thread_blocked, id=76803, stack(0x000070000d492000,0x000070000d592000)]
  0x00007fdb2c37a000 JavaThread "Java2D Disposer" daemon [_thread_blocked, id=56835, stack(0x000070000d28c000,0x000070000d38c000)]
  0x00007fdb2c477800 JavaThread "AWT-Shutdown" [_thread_blocked, id=50703, stack(0x000070000d189000,0x000070000d289000)]
  0x00007fdb2b2bf800 JavaThread "Java2D Queue Flusher" daemon [_thread_blocked, id=50199, stack(0x000070000ce7a000,0x000070000cf7a000)]
  0x00007fdb28e38000 JavaThread "AWT-AppKit" daemon [_thread_in_native, id=775, stack(0x00007ffee416f000,0x00007ffee496f000)]
  0x00007fdb28863000 JavaThread "Timer-0" daemon [_thread_blocked, id=15363, stack(0x000070000cd77000,0x000070000ce77000)]
  0x00007fdb28fc8800 JavaThread "Attach Listener" daemon [_thread_blocked, id=14851, stack(0x000070000cc74000,0x000070000cd74000)]
  0x00007fdb2a842800 JavaThread "Service Thread" daemon [_thread_blocked, id=16899, stack(0x000070000ca6e000,0x000070000cb6e000)]
  0x00007fdb29bc9000 JavaThread "C1 CompilerThread2" daemon [_thread_blocked, id=17155, stack(0x000070000c96b000,0x000070000ca6b000)]
  0x00007fdb2a630000 JavaThread "C2 CompilerThread1" daemon [_thread_in_native, id=14083, stack(0x000070000c868000,0x000070000c968000)]
  0x00007fdb28f7b800 JavaThread "C2 CompilerThread0" daemon [_thread_in_native, id=13827, stack(0x000070000c765000,0x000070000c865000)]
  0x00007fdb2a62e800 JavaThread "Monitor Ctrl-Break" daemon [_thread_in_native, id=13571, stack(0x000070000c662000,0x000070000c762000)]
  0x00007fdb29019800 JavaThread "Signal Dispatcher" daemon [_thread_blocked, id=13315, stack(0x000070000c55f000,0x000070000c65f000)]
  0x00007fdb2882e000 JavaThread "Finalizer" daemon [_thread_blocked, id=19203, stack(0x000070000c45c000,0x000070000c55c000)]
  0x00007fdb2882b000 JavaThread "Reference Handler" daemon [_thread_blocked, id=11523, stack(0x000070000c359000,0x000070000c459000)]

Other Threads:
  0x00007fdb29012000 VMThread [stack: 0x000070000c256000,0x000070000c356000] [id=19715]
  0x00007fdb29bf1800 WatcherThread [stack: 0x000070000cb71000,0x000070000cc71000] [id=16387]

VM state:not at safepoint (normal execution)

VM Mutex/Monitor currently owned by a thread: None

heap address: 0x00000006c0000000, size: 4096 MB, Compressed Oops mode: Zero based, Oop shift amount: 3
Narrow klass base: 0x0000000000000000, Narrow klass shift: 3
Compressed class space size: 1073741824 Address: 0x00000007c0000000

Heap:
 PSYoungGen      total 1105408K, used 327191K [0x000000076ab00000, 0x00000007c0000000, 0x00000007c0000000)
  eden space 971776K, 19% used [0x000000076ab00000,0x0000000776807860,0x00000007a6000000)
  from space 133632K, 99% used [0x00000007b7d80000,0x00000007bfffe510,0x00000007c0000000)
  to   space 212992K, 0% used [0x00000007a6000000,0x00000007a6000000,0x00000007b3000000)
 ParOldGen       total 838656K, used 618472K [0x00000006c0000000, 0x00000006f3300000, 0x000000076ab00000)
  object space 838656K, 73% used [0x00000006c0000000,0x00000006e5bfa278,0x00000006f3300000)
 Metaspace       used 91387K, capacity 94242K, committed 94424K, reserved 1130496K
  class space    used 13542K, capacity 14054K, committed 14080K, reserved 1048576K

Card table byte_map: [0x000000010c98c000,0x000000010d18d000] byte_map_base: 0x000000010938c000

Marking Bits: (ParMarkBitMap*) 0x000000010c2ebc18
 Begin Bits: [0x000000010d6e3000, 0x00000001116e3000)
 End Bits:   [0x00000001116e3000, 0x00000001156e3000)

Polling page: 0x000000010b350000

CodeCache: size=245760Kb used=32194Kb max_used=32746Kb free=213565Kb
 bounds [0x000000011b30d000, 0x000000011d34d000, 0x000000012a30d000]
 total_blobs=11406 nmethods=10164 adapters=1154
 compilation: enabled

Compilation events (10 events):
Event: 91.229 Thread 0x00007fdb29bc9000 13191       2       java.io.File::getCanonicalPath (31 bytes)
Event: 91.230 Thread 0x00007fdb29bc9000 nmethod 13191 0x000000011c3fa310 code [0x000000011c3fa500, 0x000000011c3fa978]
Event: 91.232 Thread 0x00007fdb29bc9000 13192       3       jogamp.common.os.DynamicLinkerImpl::openLibraryGlobal (139 bytes)
Event: 91.234 Thread 0x00007fdb29bc9000 nmethod 13192 0x000000011cc83b10 code [0x000000011cc83ea0, 0x000000011cc85d78]
Event: 91.234 Thread 0x00007fdb29bc9000 13193       3       jogamp.common.os.MacOSXDynamicLinkerImpl::openLibraryGlobalImpl (7 bytes)
Event: 91.234 Thread 0x00007fdb29bc9000 nmethod 13193 0x000000011cb954d0 code [0x000000011cb95640, 0x000000011cb957c8]
Event: 91.287 Thread 0x00007fdb29bc9000 13196       3       com.jogamp.common.os.NativeLibrary::addAbsPaths (107 bytes)
Event: 91.287 Thread 0x00007fdb29bc9000 nmethod 13196 0x000000011c195450 code [0x000000011c195640, 0x000000011c196028]
Event: 91.303 Thread 0x00007fdb29bc9000 13197       3       java.util.concurrent.locks.AbstractQueuedSynchronizer$ConditionObject::doSignalAll (36 bytes)
Event: 91.303 Thread 0x00007fdb29bc9000 nmethod 13197 0x000000011cc83550 code [0x000000011cc836c0, 0x000000011cc839c8]

GC Heap History (10 events):
Event: 72.794 GC heap before
{Heap before GC invocations=23 (full 4):
 PSYoungGen      total 1116160K, used 1116137K [0x000000076ab00000, 0x00000007b8c00000, 0x00000007c0000000)
  eden space 1056256K, 100% used [0x000000076ab00000,0x00000007ab280000,0x00000007ab280000)
  from space 59904K, 99% used [0x00000007b0c80000,0x00000007b46fa520,0x00000007b4700000)
  to   space 92160K, 0% used [0x00000007ab280000,0x00000007ab280000,0x00000007b0c80000)
 ParOldGen       total 446976K, used 261824K [0x00000006c0000000, 0x00000006db480000, 0x000000076ab00000)
  object space 446976K, 58% used [0x00000006c0000000,0x00000006cffb01c0,0x00000006db480000)
 Metaspace       used 85908K, capacity 88680K, committed 88920K, reserved 1124352K
  class space    used 13175K, capacity 13686K, committed 13696K, reserved 1048576K
Event: 72.822 GC heap after
Heap after GC invocations=23 (full 4):
 PSYoungGen      total 1148416K, used 89801K [0x000000076ab00000, 0x00000007be600000, 0x00000007c0000000)
  eden space 1056256K, 0% used [0x000000076ab00000,0x000000076ab00000,0x00000007ab280000)
  from space 92160K, 97% used [0x00000007ab280000,0x00000007b0a327d0,0x00000007b0c80000)
  to   space 105984K, 0% used [0x00000007b7e80000,0x00000007b7e80000,0x00000007be600000)
 ParOldGen       total 446976K, used 262728K [0x00000006c0000000, 0x00000006db480000, 0x000000076ab00000)
  object space 446976K, 58% used [0x00000006c0000000,0x00000006d00921d0,0x00000006db480000)
 Metaspace       used 85908K, capacity 88680K, committed 88920K, reserved 1124352K
  class space    used 13175K, capacity 13686K, committed 13696K, reserved 1048576K
}
Event: 79.436 GC heap before
{Heap before GC invocations=24 (full 4):
 PSYoungGen      total 1148416K, used 1146057K [0x000000076ab00000, 0x00000007be600000, 0x00000007c0000000)
  eden space 1056256K, 100% used [0x000000076ab00000,0x00000007ab280000,0x00000007ab280000)
  from space 92160K, 97% used [0x00000007ab280000,0x00000007b0a327d0,0x00000007b0c80000)
  to   space 105984K, 0% used [0x00000007b7e80000,0x00000007b7e80000,0x00000007be600000)
 ParOldGen       total 446976K, used 262728K [0x00000006c0000000, 0x00000006db480000, 0x000000076ab00000)
  object space 446976K, 58% used [0x00000006c0000000,0x00000006d00921d0,0x00000006db480000)
 Metaspace       used 85940K, capacity 88744K, committed 88920K, reserved 1124352K
  class space    used 13175K, capacity 13686K, committed 13696K, reserved 1048576K
Event: 79.489 GC heap after
Heap after GC invocations=24 (full 4):
 PSYoungGen      total 1248256K, used 105762K [0x000000076ab00000, 0x00000007c0000000, 0x00000007c0000000)
  eden space 1142272K, 0% used [0x000000076ab00000,0x000000076ab00000,0x00000007b0680000)
  from space 105984K, 99% used [0x00000007b7e80000,0x00000007be5c8ab0,0x00000007be600000)
  to   space 122880K, 0% used [0x00000007b0680000,0x00000007b0680000,0x00000007b7e80000)
 ParOldGen       total 446976K, used 307154K [0x00000006c0000000, 0x00000006db480000, 0x000000076ab00000)
  object space 446976K, 68% used [0x00000006c0000000,0x00000006d2bf4ad0,0x00000006db480000)
 Metaspace       used 85940K, capacity 88744K, committed 88920K, reserved 1124352K
  class space    used 13175K, capacity 13686K, committed 13696K, reserved 1048576K
}
Event: 83.600 GC heap before
{Heap before GC invocations=25 (full 4):
 PSYoungGen      total 1248256K, used 1248034K [0x000000076ab00000, 0x00000007c0000000, 0x00000007c0000000)
  eden space 1142272K, 100% used [0x000000076ab00000,0x00000007b0680000,0x00000007b0680000)
  from space 105984K, 99% used [0x00000007b7e80000,0x00000007be5c8ab0,0x00000007be600000)
  to   space 122880K, 0% used [0x00000007b0680000,0x00000007b0680000,0x00000007b7e80000)
 ParOldGen       total 446976K, used 307154K [0x00000006c0000000, 0x00000006db480000, 0x000000076ab00000)
  object space 446976K, 68% used [0x00000006c0000000,0x00000006d2bf4ad0,0x00000006db480000)
 Metaspace       used 86009K, capacity 88838K, committed 88920K, reserved 1124352K
  class space    used 13183K, capacity 13691K, committed 13696K, reserved 1048576K
Event: 83.742 GC heap after
Heap after GC invocations=25 (full 4):
 PSYoungGen      total 1264128K, used 121548K [0x000000076ab00000, 0x00000007c0000000, 0x00000007c0000000)
  eden space 1142272K, 0% used [0x000000076ab00000,0x000000076ab00000,0x00000007b0680000)
  from space 121856K, 99% used [0x00000007b0680000,0x00000007b7d33340,0x00000007b7d80000)
  to   space 133632K, 0% used [0x00000007b7d80000,0x00000007b7d80000,0x00000007c0000000)
 ParOldGen       total 480768K, used 470403K [0x00000006c0000000, 0x00000006dd580000, 0x000000076ab00000)
  object space 480768K, 97% used [0x00000006c0000000,0x00000006dcb60ff0,0x00000006dd580000)
 Metaspace       used 86009K, capacity 88838K, committed 88920K, reserved 1124352K
  class space    used 13183K, capacity 13691K, committed 13696K, reserved 1048576K
}
Event: 83.742 GC heap before
{Heap before GC invocations=26 (full 5):
 PSYoungGen      total 1264128K, used 121548K [0x000000076ab00000, 0x00000007c0000000, 0x00000007c0000000)
  eden space 1142272K, 0% used [0x000000076ab00000,0x000000076ab00000,0x00000007b0680000)
  from space 121856K, 99% used [0x00000007b0680000,0x00000007b7d33340,0x00000007b7d80000)
  to   space 133632K, 0% used [0x00000007b7d80000,0x00000007b7d80000,0x00000007c0000000)
 ParOldGen       total 480768K, used 470403K [0x00000006c0000000, 0x00000006dd580000, 0x000000076ab00000)
  object space 480768K, 97% used [0x00000006c0000000,0x00000006dcb60ff0,0x00000006dd580000)
 Metaspace       used 86009K, capacity 88838K, committed 88920K, reserved 1124352K
  class space    used 13183K, capacity 13691K, committed 13696K, reserved 1048576K
Event: 84.108 GC heap after
Heap after GC invocations=26 (full 5):
 PSYoungGen      total 1264128K, used 107730K [0x000000076ab00000, 0x00000007c0000000, 0x00000007c0000000)
  eden space 1142272K, 0% used [0x000000076ab00000,0x000000076ab00000,0x00000007b0680000)
  from space 121856K, 88% used [0x00000007b0680000,0x00000007b6fb48d8,0x00000007b7d80000)
  to   space 133632K, 0% used [0x00000007b7d80000,0x00000007b7d80000,0x00000007c0000000)
 ParOldGen       total 838656K, used 480279K [0x00000006c0000000, 0x00000006f3300000, 0x000000076ab00000)
  object space 838656K, 57% used [0x00000006c0000000,0x00000006dd505cf8,0x00000006f3300000)
 Metaspace       used 86005K, capacity 88824K, committed 88920K, reserved 1124352K
  class space    used 13181K, capacity 13688K, committed 13696K, reserved 1048576K
}
Event: 89.809 GC heap before
{Heap before GC invocations=27 (full 5):
 PSYoungGen      total 1264128K, used 1250002K [0x000000076ab00000, 0x00000007c0000000, 0x00000007c0000000)
  eden space 1142272K, 100% used [0x000000076ab00000,0x00000007b0680000,0x00000007b0680000)
  from space 121856K, 88% used [0x00000007b0680000,0x00000007b6fb48d8,0x00000007b7d80000)
  to   space 133632K, 0% used [0x00000007b7d80000,0x00000007b7d80000,0x00000007c0000000)
 ParOldGen       total 838656K, used 480279K [0x00000006c0000000, 0x00000006f3300000, 0x000000076ab00000)
  object space 838656K, 57% used [0x00000006c0000000,0x00000006dd505cf8,0x00000006f3300000)
 Metaspace       used 86029K, capacity 88858K, committed 88920K, reserved 1124352K
  class space    used 13186K, capacity 13695K, committed 13696K, reserved 1048576K
Event: 89.943 GC heap after
Heap after GC invocations=27 (full 5):
 PSYoungGen      total 1105408K, used 133625K [0x000000076ab00000, 0x00000007c0000000, 0x00000007c0000000)
  eden space 971776K, 0% used [0x000000076ab00000,0x000000076ab00000,0x00000007a6000000)
  from space 133632K, 99% used [0x00000007b7d80000,0x00000007bfffe510,0x00000007c0000000)
  to   space 212992K, 0% used [0x00000007a6000000,0x00000007a6000000,0x00000007b3000000)
 ParOldGen       total 838656K, used 618472K [0x00000006c0000000, 0x00000006f3300000, 0x000000076ab00000)
  object space 838656K, 73% used [0x00000006c0000000,0x00000006e5bfa278,0x00000006f3300000)
 Metaspace       used 86029K, capacity 88858K, committed 88920K, reserved 1124352K
  class space    used 13186K, capacity 13695K, committed 13696K, reserved 1048576K
}

Deoptimization events (10 events):
Event: 90.653 Thread 0x00007fdb2f732800 Uncommon trap: reason=class_check action=maybe_recompile pc=0x000000011cac3400 method=java.lang.AbstractStringBuilder.append(Ljava/lang/CharSequence;)Ljava/lang/AbstractStringBuilder; @ 26
Event: 90.653 Thread 0x00007fdb2f732800 Uncommon trap: reason=class_check action=maybe_recompile pc=0x000000011cb97090 method=java.lang.AbstractStringBuilder.append(Ljava/lang/CharSequence;II)Ljava/lang/AbstractStringBuilder; @ 18
Event: 90.691 Thread 0x00007fdb2f732800 Uncommon trap: reason=class_check action=maybe_recompile pc=0x000000011cac3400 method=java.lang.AbstractStringBuilder.append(Ljava/lang/CharSequence;)Ljava/lang/AbstractStringBuilder; @ 26
Event: 90.691 Thread 0x00007fdb2f732800 Uncommon trap: reason=class_check action=maybe_recompile pc=0x000000011cb97090 method=java.lang.AbstractStringBuilder.append(Ljava/lang/CharSequence;II)Ljava/lang/AbstractStringBuilder; @ 18
Event: 90.692 Thread 0x00007fdb2f732800 Uncommon trap: reason=class_check action=maybe_recompile pc=0x000000011cac3400 method=java.lang.AbstractStringBuilder.append(Ljava/lang/CharSequence;)Ljava/lang/AbstractStringBuilder; @ 26
Event: 90.692 Thread 0x00007fdb2f732800 Uncommon trap: reason=class_check action=maybe_recompile pc=0x000000011cb97090 method=java.lang.AbstractStringBuilder.append(Ljava/lang/CharSequence;II)Ljava/lang/AbstractStringBuilder; @ 18
Event: 90.726 Thread 0x00007fdb28e38000 Uncommon trap: reason=unstable_if action=reinterpret pc=0x000000011d18fff8 method=sun.awt.AWTAutoShutdown.setToolkitBusy(Z)V @ 5
Event: 90.726 Thread 0x00007fdb28e38000 Uncommon trap: reason=unstable_if action=reinterpret pc=0x000000011d18f6e0 method=sun.awt.AWTAutoShutdown.setToolkitBusy(Z)V @ 5
Event: 90.767 Thread 0x00007fdb2f732800 Uncommon trap: reason=unstable_if action=reinterpret pc=0x000000011ce59874 method=java.security.AccessControlContext.optimize()Ljava/security/AccessControlContext; @ 20
Event: 90.861 Thread 0x00007fdb28e38000 Uncommon trap: reason=unstable_if action=reinterpret pc=0x000000011c53a50c method=sun.awt.AWTAutoShutdown.setToolkitBusy(Z)V @ 5

Classes redefined (0 events):
No events

Internal exceptions (10 events):
Event: 66.786 Thread 0x00007fdb2e7f6800 Exception <a 'java/net/SocketTimeoutException': Read timed out> (0x000000077ef2b310) thrown at [/Users/ec2-user/workspace/Corretto8/macos/x64/build/Corretto8Src/installers/mac/tar/corretto-build/buildRoot/src/hotspot/src/share/vm/prims/jni.cpp, line 738]
Event: 71.610 Thread 0x00007fdb2e7f6800 Exception <a 'java/net/SocketTimeoutException': Read timed out> (0x00000007a74c3448) thrown at [/Users/ec2-user/workspace/Corretto8/macos/x64/build/Corretto8Src/installers/mac/tar/corretto-build/buildRoot/src/hotspot/src/share/vm/prims/jni.cpp, line 738]
Event: 72.760 Thread 0x00007fdb2c6bf800 Implicit null exception at 0x000000011c5ed871 to 0x000000011c5ed998
Event: 78.646 Thread 0x00007fdb2e1c1800 Exception <a 'java/net/SocketTimeoutException': Read timed out> (0x000000079a823cd0) thrown at [/Users/ec2-user/workspace/Corretto8/macos/x64/build/Corretto8Src/installers/mac/tar/corretto-build/buildRoot/src/hotspot/src/share/vm/prims/jni.cpp, line 738]
Event: 84.109 Thread 0x00007fdb2882e000 Exception <a 'java/lang/NullPointerException'> (0x000000076ad4e0e8) thrown at [/Users/ec2-user/workspace/Corretto8/macos/x64/build/Corretto8Src/installers/mac/tar/corretto-build/buildRoot/src/hotspot/src/share/vm/interpreter/linkResolver.cpp, line 1185]
Event: 90.326 Thread 0x00007fdb2c36b000 Implicit null exception at 0x000000011c526d87 to 0x000000011c526f89
Event: 90.504 Thread 0x00007fdb2f732800 Implicit null exception at 0x000000011cf2d3eb to 0x000000011cf3265d
Event: 90.560 Thread 0x00007fdb2f732800 Implicit null exception at 0x000000011c9e726d to 0x000000011c9e7f0d
Event: 90.585 Thread 0x00007fdb2f732800 Exception <a 'java/lang/UnsatisfiedLinkError': com.jogamp.common.util.JarUtil.fixNativeLibAttribs(Ljava/lang/String;)Z> (0x000000076fb75870) thrown at [/Users/ec2-user/workspace/Corretto8/macos/x64/build/Corretto8Src/installers/mac/tar/corretto-build/buil
Event: 90.767 Thread 0x00007fdb2f732800 Implicit null exception at 0x000000011ce58999 to 0x000000011ce59851

Events (10 events):
Event: 91.389 loading class jogamp/nativewindow/SurfaceUpdatedHelper
Event: 91.389 loading class jogamp/nativewindow/SurfaceUpdatedHelper done
Event: 91.390 loading class jogamp/opengl/macosx/cgl/MacOSXCGLDrawable$GLBackendType
Event: 91.390 loading class jogamp/opengl/macosx/cgl/MacOSXCGLDrawable$GLBackendType done
Event: 91.391 loading class jogamp/nativewindow/macosx/OSXUtil$2
Event: 91.391 loading class jogamp/nativewindow/macosx/OSXUtil$2 done
Event: 91.392 loading class com/jogamp/common/util/RunnableTask
Event: 91.392 loading class com/jogamp/common/util/RunnableTask done
Event: 91.400 loading class com/jogamp/common/util/TaskBase
Event: 91.400 loading class com/jogamp/common/util/TaskBase done


Dynamic libraries:
0x00007fff31f75000 	/System/Library/Frameworks/Cocoa.framework/Versions/A/Cocoa
0x00007fff3dce3000 	/System/Library/Frameworks/Security.framework/Versions/A/Security
0x00007fff30c07000 	/System/Library/Frameworks/ApplicationServices.framework/Versions/A/ApplicationServices
0x00007fff5d14f000 	/usr/lib/libz.1.dylib
0x00007fff5aaa5000 	/usr/lib/libSystem.B.dylib
0x00007fff32788000 	/System/Library/Frameworks/CoreFoundation.framework/Versions/A/CoreFoundation
0x00007fff34a10000 	/System/Library/Frameworks/Foundation.framework/Versions/C/Foundation
0x00007fff5c2df000 	/usr/lib/libobjc.A.dylib
0x00007fff2fe00000 	/System/Library/Frameworks/AppKit.framework/Versions/C/AppKit
0x00007fff32311000 	/System/Library/Frameworks/CoreData.framework/Versions/A/CoreData
0x00007fff54ecf000 	/System/Library/PrivateFrameworks/RemoteViewServices.framework/Versions/A/RemoteViewServices
0x00007fff5891d000 	/System/Library/PrivateFrameworks/UIFoundation.framework/Versions/A/UIFoundation
0x00007fff59ec6000 	/System/Library/PrivateFrameworks/XCTTargetBootstrap.framework/Versions/A/XCTTargetBootstrap
0x00007fff32697000 	/System/Library/Frameworks/CoreDisplay.framework/Versions/A/CoreDisplay
0x00007fff4fd7b000 	/System/Library/PrivateFrameworks/IconServices.framework/Versions/A/IconServices
0x00007fff37347000 	/System/Library/Frameworks/Metal.framework/Versions/A/Metal
0x00007fff472cf000 	/System/Library/PrivateFrameworks/DesktopServicesPriv.framework/Versions/A/DesktopServicesPriv
0x00007fff5b642000 	/usr/lib/libenergytrace.dylib
0x00007fff56e05000 	/System/Library/PrivateFrameworks/SkyLight.framework/Versions/A/SkyLight
0x00007fff32bd0000 	/System/Library/Frameworks/CoreGraphics.framework/Versions/A/CoreGraphics
0x00007fff2ebcc000 	/System/Library/Frameworks/Accelerate.framework/Versions/A/Accelerate
0x00007fff3515a000 	/System/Library/Frameworks/IOSurface.framework/Versions/A/IOSurface
0x00007fff4713b000 	/System/Library/PrivateFrameworks/DFRFoundation.framework/Versions/A/DFRFoundation
0x00007fff310ea000 	/System/Library/Frameworks/AudioToolbox.framework/Versions/A/AudioToolbox
0x00007fff31363000 	/System/Library/Frameworks/AudioUnit.framework/Versions/A/AudioUnit
0x00007fff471d0000 	/System/Library/PrivateFrameworks/DataDetectorsCore.framework/Versions/A/DataDetectorsCore
0x00007fff31a78000 	/System/Library/Frameworks/Carbon.framework/Versions/A/Frameworks/HIToolbox.framework/Versions/A/HIToolbox
0x00007fff5b79b000 	/usr/lib/libicucore.A.dylib
0x00007fff3d254000 	/System/Library/Frameworks/QuartzCore.framework/Versions/A/QuartzCore
0x00007fff31e4d000 	/System/Library/Frameworks/Carbon.framework/Versions/A/Frameworks/SpeechRecognition.framework/Versions/A/SpeechRecognition
0x00007fff5abf9000 	/usr/lib/libauto.dylib
0x00007fff5d042000 	/usr/lib/libxml2.2.dylib
0x00007fff46d16000 	/System/Library/PrivateFrameworks/CoreUI.framework/Versions/A/CoreUI
0x00007fff3225e000 	/System/Library/Frameworks/CoreAudio.framework/Versions/A/CoreAudio
0x00007fff34844000 	/System/Library/Frameworks/DiskArbitration.framework/Versions/A/DiskArbitration
0x00007fff5ba49000 	/usr/lib/liblangid.dylib
0x00007fff51011000 	/System/Library/PrivateFrameworks/MultitouchSupport.framework/Versions/A/MultitouchSupport
0x00007fff350c9000 	/System/Library/Frameworks/IOKit.framework/Versions/A/IOKit
0x00007fff5a665000 	/usr/lib/libDiagnosticMessagesClient.dylib
0x00007fff339e0000 	/System/Library/Frameworks/CoreServices.framework/Versions/A/CoreServices
0x00007fff52cce000 	/System/Library/PrivateFrameworks/PerformanceAnalysis.framework/Versions/A/PerformanceAnalysis
0x00007fff3c43b000 	/System/Library/Frameworks/OpenGL.framework/Versions/A/OpenGL
0x00007fff31f83000 	/System/Library/Frameworks/ColorSync.framework/Versions/A/ColorSync
0x00007fff33262000 	/System/Library/Frameworks/CoreImage.framework/Versions/A/CoreImage
0x00007fff343b8000 	/System/Library/Frameworks/CoreText.framework/Versions/A/CoreText
0x00007fff351bd000 	/System/Library/Frameworks/ImageIO.framework/Versions/A/ImageIO
0x00007fff43386000 	/System/Library/PrivateFrameworks/Backup.framework/Versions/A/Backup
0x00007fff5ab4c000 	/usr/lib/libarchive.2.dylib
0x00007fff316bc000 	/System/Library/Frameworks/CFNetwork.framework/Versions/A/CFNetwork
0x00007fff3e440000 	/System/Library/Frameworks/SystemConfiguration.framework/Versions/A/SystemConfiguration
0x00007fff5a596000 	/usr/lib/libCRFSuite.dylib
0x00007fff5acea000 	/usr/lib/libc++.1.dylib
0x00007fff5ad3e000 	/usr/lib/libc++abi.dylib
0x00007fff5d945000 	/usr/lib/system/libcache.dylib
0x00007fff5d94a000 	/usr/lib/system/libcommonCrypto.dylib
0x00007fff5d955000 	/usr/lib/system/libcompiler_rt.dylib
0x00007fff5d95d000 	/usr/lib/system/libcopyfile.dylib
0x00007fff5d967000 	/usr/lib/system/libcorecrypto.dylib
0x00007fff5da73000 	/usr/lib/system/libdispatch.dylib
0x00007fff5daad000 	/usr/lib/system/libdyld.dylib
0x00007fff5dada000 	/usr/lib/system/libkeymgr.dylib
0x00007fff5dae8000 	/usr/lib/system/liblaunch.dylib
0x00007fff5dae9000 	/usr/lib/system/libmacho.dylib
0x00007fff5daef000 	/usr/lib/system/libquarantine.dylib
0x00007fff5daf2000 	/usr/lib/system/libremovefile.dylib
0x00007fff5daf4000 	/usr/lib/system/libsystem_asl.dylib
0x00007fff5db0c000 	/usr/lib/system/libsystem_blocks.dylib
0x00007fff5db0d000 	/usr/lib/system/libsystem_c.dylib
0x00007fff5db95000 	/usr/lib/system/libsystem_configuration.dylib
0x00007fff5db99000 	/usr/lib/system/libsystem_coreservices.dylib
0x00007fff5db9d000 	/usr/lib/system/libsystem_darwin.dylib
0x00007fff5dba4000 	/usr/lib/system/libsystem_dnssd.dylib
0x00007fff5dbab000 	/usr/lib/system/libsystem_info.dylib
0x00007fff5dc20000 	/usr/lib/system/libsystem_m.dylib
0x00007fff5dc6c000 	/usr/lib/system/libsystem_malloc.dylib
0x00007fff5dc97000 	/usr/lib/system/libsystem_networkextension.dylib
0x00007fff5dca2000 	/usr/lib/system/libsystem_notify.dylib
0x00007fff5dcbf000 	/usr/lib/system/libsystem_sandbox.dylib
0x00007fff5dcc3000 	/usr/lib/system/libsystem_secinit.dylib
0x00007fff5dbf7000 	/usr/lib/system/libsystem_kernel.dylib
0x00007fff5dcaa000 	/usr/lib/system/libsystem_platform.dylib
0x00007fff5dcb4000 	/usr/lib/system/libsystem_pthread.dylib
0x00007fff5dcc6000 	/usr/lib/system/libsystem_symptoms.dylib
0x00007fff5dcce000 	/usr/lib/system/libsystem_trace.dylib
0x00007fff5dce5000 	/usr/lib/system/libunwind.dylib
0x00007fff5dceb000 	/usr/lib/system/libxpc.dylib
0x00007fff5accb000 	/usr/lib/libbsm.0.dylib
0x00007fff5dadb000 	/usr/lib/system/libkxld.dylib
0x00007fff42776000 	/System/Library/PrivateFrameworks/AppleFSCompression.framework/Versions/A/AppleFSCompression
0x00007fff5a965000 	/usr/lib/libOpenScriptingUtil.dylib
0x00007fff5aff3000 	/usr/lib/libcoretls.dylib
0x00007fff5b00a000 	/usr/lib/libcoretls_cfhelpers.dylib
0x00007fff5ca76000 	/usr/lib/libpam.2.dylib
0x00007fff5cc36000 	/usr/lib/libsqlite3.dylib
0x00007fff5d030000 	/usr/lib/libxar.1.dylib
0x00007fff5acdc000 	/usr/lib/libbz2.1.0.dylib
0x00007fff5ba4b000 	/usr/lib/liblzma.5.dylib
0x00007fff5befc000 	/usr/lib/libnetwork.dylib
0x00007fff5ab35000 	/usr/lib/libapple_nghttp2.dylib
0x00007fff5ca7d000 	/usr/lib/libpcap.A.dylib
0x00007fff33d7f000 	/System/Library/Frameworks/CoreServices.framework/Versions/A/Frameworks/FSEvents.framework/Versions/A/FSEvents
0x00007fff33a5e000 	/System/Library/Frameworks/CoreServices.framework/Versions/A/Frameworks/CarbonCore.framework/Versions/A/CarbonCore
0x00007fff33f3a000 	/System/Library/Frameworks/CoreServices.framework/Versions/A/Frameworks/Metadata.framework/Versions/A/Metadata
0x00007fff33fd9000 	/System/Library/Frameworks/CoreServices.framework/Versions/A/Frameworks/OSServices.framework/Versions/A/OSServices
0x00007fff34024000 	/System/Library/Frameworks/CoreServices.framework/Versions/A/Frameworks/SearchKit.framework/Versions/A/SearchKit
0x00007fff339e1000 	/System/Library/Frameworks/CoreServices.framework/Versions/A/Frameworks/AE.framework/Versions/A/AE
0x00007fff33d88000 	/System/Library/Frameworks/CoreServices.framework/Versions/A/Frameworks/LaunchServices.framework/Versions/A/LaunchServices
0x00007fff33d36000 	/System/Library/Frameworks/CoreServices.framework/Versions/A/Frameworks/DictionaryServices.framework/Versions/A/DictionaryServices
0x00007fff3408c000 	/System/Library/Frameworks/CoreServices.framework/Versions/A/Frameworks/SharedFileList.framework/Versions/A/SharedFileList
0x00007fff38416000 	/System/Library/Frameworks/NetFS.framework/Versions/A/NetFS
0x00007fff51277000 	/System/Library/PrivateFrameworks/NetAuth.framework/Versions/A/NetAuth
0x00007fff5a2ca000 	/System/Library/PrivateFrameworks/login.framework/Versions/A/Frameworks/loginsupport.framework/Versions/A/loginsupport
0x00007fff58526000 	/System/Library/PrivateFrameworks/TCC.framework/Versions/A/TCC
0x00007fff46373000 	/System/Library/PrivateFrameworks/CoreNLP.framework/Versions/A/CoreNLP
0x00007fff50e75000 	/System/Library/PrivateFrameworks/MetadataUtilities.framework/Versions/A/MetadataUtilities
0x00007fff5bb20000 	/usr/lib/libmecabra.dylib
0x00007fff30c08000 	/System/Library/Frameworks/ApplicationServices.framework/Versions/A/Frameworks/ATS.framework/Versions/A/ATS
0x00007fff30f57000 	/System/Library/Frameworks/ApplicationServices.framework/Versions/A/Frameworks/ColorSyncLegacy.framework/Versions/A/ColorSyncLegacy
0x00007fff30ff6000 	/System/Library/Frameworks/ApplicationServices.framework/Versions/A/Frameworks/HIServices.framework/Versions/A/HIServices
0x00007fff31049000 	/System/Library/Frameworks/ApplicationServices.framework/Versions/A/Frameworks/LangAnalysis.framework/Versions/A/LangAnalysis
0x00007fff31059000 	/System/Library/Frameworks/ApplicationServices.framework/Versions/A/Frameworks/PrintCore.framework/Versions/A/PrintCore
0x00007fff310a3000 	/System/Library/Frameworks/ApplicationServices.framework/Versions/A/Frameworks/QD.framework/Versions/A/QD
0x00007fff310dd000 	/System/Library/Frameworks/ApplicationServices.framework/Versions/A/Frameworks/SpeechSynthesis.framework/Versions/A/SpeechSynthesis
0x00007fff5ad66000 	/usr/lib/libcompression.dylib
0x00007fff37617000 	/System/Library/Frameworks/MetalPerformanceShaders.framework/Versions/A/MetalPerformanceShaders
0x00007fff2ebe4000 	/System/Library/Frameworks/Accelerate.framework/Versions/A/Frameworks/vImage.framework/Versions/A/vImage
0x00007fff2fc5e000 	/System/Library/Frameworks/Accelerate.framework/Versions/A/Frameworks/vecLib.framework/Versions/A/vecLib
0x00007fff2fbaa000 	/System/Library/Frameworks/Accelerate.framework/Versions/A/Frameworks/vecLib.framework/Versions/A/libvMisc.dylib
0x00007fff2f9c2000 	/System/Library/Frameworks/Accelerate.framework/Versions/A/Frameworks/vecLib.framework/Versions/A/libvDSP.dylib
0x00007fff2f27e000 	/System/Library/Frameworks/Accelerate.framework/Versions/A/Frameworks/vecLib.framework/Versions/A/libBLAS.dylib
0x00007fff2f56b000 	/System/Library/Frameworks/Accelerate.framework/Versions/A/Frameworks/vecLib.framework/Versions/A/libLAPACK.dylib
0x00007fff2f915000 	/System/Library/Frameworks/Accelerate.framework/Versions/A/Frameworks/vecLib.framework/Versions/A/libLinearAlgebra.dylib
0x00007fff2f9ae000 	/System/Library/Frameworks/Accelerate.framework/Versions/A/Frameworks/vecLib.framework/Versions/A/libSparseBLAS.dylib
0x00007fff2f92b000 	/System/Library/Frameworks/Accelerate.framework/Versions/A/Frameworks/vecLib.framework/Versions/A/libQuadrature.dylib
0x00007fff2f4f8000 	/System/Library/Frameworks/Accelerate.framework/Versions/A/Frameworks/vecLib.framework/Versions/A/libBNNS.dylib
0x00007fff2f931000 	/System/Library/Frameworks/Accelerate.framework/Versions/A/Frameworks/vecLib.framework/Versions/A/libSparse.dylib
0x00007fff4d6ab000 	/System/Library/PrivateFrameworks/GPUWrangler.framework/Versions/A/GPUWrangler
0x00007fff4f9b0000 	/System/Library/PrivateFrameworks/IOAccelerator.framework/Versions/A/IOAccelerator
0x00007fff4f9bb000 	/System/Library/PrivateFrameworks/IOPresentment.framework/Versions/A/IOPresentment
0x00007fff4714b000 	/System/Library/PrivateFrameworks/DSExternalDisplay.framework/Versions/A/DSExternalDisplay
0x00007fff3b892000 	/System/Library/Frameworks/OpenGL.framework/Versions/A/Libraries/libCoreFSCache.dylib
0x00007fff3740b000 	/System/Library/Frameworks/MetalPerformanceShaders.framework/Frameworks/MPSCore.framework/Versions/A/MPSCore
0x00007fff3742b000 	/System/Library/Frameworks/MetalPerformanceShaders.framework/Frameworks/MPSImage.framework/Versions/A/MPSImage
0x00007fff374d0000 	/System/Library/Frameworks/MetalPerformanceShaders.framework/Frameworks/MPSNeuralNetwork.framework/Versions/A/MPSNeuralNetwork
0x00007fff374a8000 	/System/Library/Frameworks/MetalPerformanceShaders.framework/Frameworks/MPSMatrix.framework/Versions/A/MPSMatrix
0x00007fff375fc000 	/System/Library/Frameworks/MetalPerformanceShaders.framework/Frameworks/MPSRayIntersector.framework/Versions/A/MPSRayIntersector
0x00007fff50e9e000 	/System/Library/PrivateFrameworks/MetalTools.framework/Versions/A/MetalTools
0x00007fff421a3000 	/System/Library/PrivateFrameworks/AggregateDictionary.framework/Versions/A/AggregateDictionary
0x00007fff5a945000 	/usr/lib/libMobileGestalt.dylib
0x00007fff3451d000 	/System/Library/Frameworks/CoreVideo.framework/Versions/A/CoreVideo
0x00007fff4e4bc000 	/System/Library/PrivateFrameworks/GraphVisualizer.framework/Versions/A/GraphVisualizer
0x00007fff4833b000 	/System/Library/PrivateFrameworks/FaceCore.framework/Versions/A/FaceCore
0x00007fff3aec0000 	/System/Library/Frameworks/OpenCL.framework/Versions/A/OpenCL
0x00007fff5a69d000 	/usr/lib/libFosl_dynamic.dylib
0x00007fff51ae3000 	/System/Library/PrivateFrameworks/OTSVG.framework/Versions/A/OTSVG
0x00007fff30d0c000 	/System/Library/Frameworks/ApplicationServices.framework/Versions/A/Frameworks/ATS.framework/Versions/A/Resources/libFontParser.dylib
0x00007fff30e24000 	/System/Library/Frameworks/ApplicationServices.framework/Versions/A/Frameworks/ATS.framework/Versions/A/Resources/libFontRegistry.dylib
0x00007fff3542d000 	/System/Library/Frameworks/ImageIO.framework/Versions/A/Resources/libJPEG.dylib
0x00007fff35752000 	/System/Library/Frameworks/ImageIO.framework/Versions/A/Resources/libTIFF.dylib
0x00007fff35728000 	/System/Library/Frameworks/ImageIO.framework/Versions/A/Resources/libPng.dylib
0x00007fff3534b000 	/System/Library/Frameworks/ImageIO.framework/Versions/A/Resources/libGIF.dylib
0x00007fff35350000 	/System/Library/Frameworks/ImageIO.framework/Versions/A/Resources/libJP2.dylib
0x00007fff3574f000 	/System/Library/Frameworks/ImageIO.framework/Versions/A/Resources/libRadiance.dylib
0x00007fff428cd000 	/System/Library/PrivateFrameworks/AppleJPEG.framework/Versions/A/AppleJPEG
0x00007fff3b89d000 	/System/Library/Frameworks/OpenGL.framework/Versions/A/Libraries/libGFXShared.dylib
0x00007fff3ba60000 	/System/Library/Frameworks/OpenGL.framework/Versions/A/Libraries/libGLU.dylib
0x00007fff3b8a6000 	/System/Library/Frameworks/OpenGL.framework/Versions/A/Libraries/libGL.dylib
0x00007fff3b8b2000 	/System/Library/Frameworks/OpenGL.framework/Versions/A/Libraries/libGLImage.dylib
0x00007fff3b88f000 	/System/Library/Frameworks/OpenGL.framework/Versions/A/Libraries/libCVMSPluginSupport.dylib
0x00007fff3b898000 	/System/Library/Frameworks/OpenGL.framework/Versions/A/Libraries/libCoreVMClient.dylib
0x00007fff5b4b7000 	/usr/lib/libcups.2.dylib
0x00007fff36912000 	/System/Library/Frameworks/Kerberos.framework/Versions/A/Kerberos
0x00007fff34e2d000 	/System/Library/Frameworks/GSS.framework/Versions/A/GSS
0x00007fff5cbcb000 	/usr/lib/libresolv.9.dylib
0x00007fff5b6aa000 	/usr/lib/libiconv.2.dylib
0x00007fff4e631000 	/System/Library/PrivateFrameworks/Heimdal.framework/Versions/A/Heimdal
0x00007fff5b67a000 	/usr/lib/libheimdal-asn1.dylib
0x00007fff3af34000 	/System/Library/Frameworks/OpenDirectory.framework/Versions/A/OpenDirectory
0x00007fff450d6000 	/System/Library/PrivateFrameworks/CommonAuth.framework/Versions/A/CommonAuth
0x00007fff3af18000 	/System/Library/Frameworks/OpenDirectory.framework/Versions/A/Frameworks/CFOpenDirectory.framework/Versions/A/CFOpenDirectory
0x00007fff3dfe5000 	/System/Library/Frameworks/SecurityFoundation.framework/Versions/A/SecurityFoundation
0x00007fff416e9000 	/System/Library/PrivateFrameworks/APFS.framework/Versions/A/APFS
0x00007fff5d02c000 	/usr/lib/libutil.dylib
0x00007fff5ad54000 	/usr/lib/libcharset.1.dylib
0x00007fff42b6a000 	/System/Library/PrivateFrameworks/AppleSauce.framework/Versions/A/AppleSauce
0x00007fff42ceb000 	/System/Library/PrivateFrameworks/AssertionServices.framework/Versions/A/AssertionServices
0x00007fff4341c000 	/System/Library/PrivateFrameworks/BaseBoard.framework/Versions/A/BaseBoard
0x00007fff5ba7b000 	/usr/lib/libmecab.1.0.0.dylib
0x00007fff5b674000 	/usr/lib/libgermantok.dylib
0x00007fff5ab22000 	/usr/lib/libThaiTokenizer.dylib
0x00007fff5a5cd000 	/usr/lib/libChineseTokenizer.dylib
0x00007fff5005b000 	/System/Library/PrivateFrameworks/LanguageModeling.framework/Versions/A/LanguageModeling
0x00007fff45db8000 	/System/Library/PrivateFrameworks/CoreEmoji.framework/Versions/A/CoreEmoji
0x00007fff50137000 	/System/Library/PrivateFrameworks/Lexicon.framework/Versions/A/Lexicon
0x00007fff5017a000 	/System/Library/PrivateFrameworks/LinguisticData.framework/Versions/A/LinguisticData
0x00007fff5ad55000 	/usr/lib/libcmph.dylib
0x00007fff3e0a3000 	/System/Library/Frameworks/ServiceManagement.framework/Versions/A/ServiceManagement
0x00007fff4337d000 	/System/Library/PrivateFrameworks/BackgroundTaskManagement.framework/Versions/A/BackgroundTaskManagement
0x00007fff5d126000 	/usr/lib/libxslt.1.dylib
0x00007fff31d7a000 	/System/Library/Frameworks/Carbon.framework/Versions/A/Frameworks/Ink.framework/Versions/A/Ink
0x00007fff58798000 	/System/Library/PrivateFrameworks/TextureIO.framework/Versions/A/TextureIO
0x00007fff5ab76000 	/usr/lib/libate.dylib
0x00007fff4709a000 	/System/Library/PrivateFrameworks/CrashReporterSupport.framework/Versions/A/CrashReporterSupport
0x00007fff55ed2000 	/System/Library/PrivateFrameworks/Sharing.framework/Versions/A/Sharing
0x00007fff430cf000 	/System/Library/PrivateFrameworks/AuthKit.framework/Versions/A/AuthKit
0x00007fff42622000 	/System/Library/PrivateFrameworks/Apple80211.framework/Versions/A/Apple80211
0x00007fff46e42000 	/System/Library/PrivateFrameworks/CoreUtils.framework/Versions/A/CoreUtils
0x00007fff3455e000 	/System/Library/Frameworks/CoreWLAN.framework/Versions/A/CoreWLAN
0x00007fff34f5c000 	/System/Library/Frameworks/IOBluetooth.framework/Versions/A/IOBluetooth
0x00007fff54b6f000 	/System/Library/PrivateFrameworks/ProtocolBuffer.framework/Versions/A/ProtocolBuffer
0x00007fff50f6d000 	/System/Library/PrivateFrameworks/MobileKeyBag.framework/Versions/A/MobileKeyBag
0x00007fff46686000 	/System/Library/PrivateFrameworks/CorePhoneNumbers.framework/Versions/A/CorePhoneNumbers
0x00007fff42881000 	/System/Library/PrivateFrameworks/AppleIDAuthSupport.framework/Versions/A/AppleIDAuthSupport
0x00007fff5002e000 	/System/Library/PrivateFrameworks/KeychainCircle.framework/Versions/A/KeychainCircle
0x00007fff54d25000 	/System/Library/PrivateFrameworks/ROCKit.framework/Versions/A/ROCKit
0x00007fff47036000 	/System/Library/PrivateFrameworks/CoreWiFi.framework/Versions/A/CoreWiFi
0x00007fff322e6000 	/System/Library/Frameworks/CoreBluetooth.framework/Versions/A/CoreBluetooth
0x00007fff47291000 	/System/Library/PrivateFrameworks/DebugSymbols.framework/Versions/A/DebugSymbols
0x00007fff46c02000 	/System/Library/PrivateFrameworks/CoreSymbolication.framework/Versions/A/CoreSymbolication
0x00007fff57fb5000 	/System/Library/PrivateFrameworks/Symbolication.framework/Versions/A/Symbolication
0x00007fff57858000 	/System/Library/PrivateFrameworks/SpeechRecognitionCore.framework/Versions/A/SpeechRecognitionCore
0x000000010bc00000 	/Users/tischer/Library/Java/JavaVirtualMachines/corretto-1.8.0_312/Contents/Home/jre/lib/server/libjvm.dylib
0x000000010b2e8000 	/Users/tischer/Library/Java/JavaVirtualMachines/corretto-1.8.0_312/Contents/Home/jre/lib/libverify.dylib
0x000000010b2fc000 	/Users/tischer/Library/Java/JavaVirtualMachines/corretto-1.8.0_312/Contents/Home/jre/lib/libjava.dylib
0x000000010b351000 	/Users/tischer/Library/Java/JavaVirtualMachines/corretto-1.8.0_312/Contents/Home/jre/lib/libinstrument.dylib
0x000000010c5b8000 	/Users/tischer/Library/Java/JavaVirtualMachines/corretto-1.8.0_312/Contents/Home/jre/lib/libzip.dylib
0x000000011949d000 	/Users/tischer/Library/Java/JavaVirtualMachines/corretto-1.8.0_312/Contents/Home/jre/lib/libnio.dylib
0x00000001194b5000 	/Users/tischer/Library/Java/JavaVirtualMachines/corretto-1.8.0_312/Contents/Home/jre/lib/./libnet.dylib
0x0000000119678000 	/Users/tischer/Library/Java/JavaVirtualMachines/corretto-1.8.0_312/Contents/Home/jre/lib/libosx.dylib
0x000000011973a000 	/Users/tischer/Library/Java/JavaVirtualMachines/corretto-1.8.0_312/Contents/Home/jre/lib/./libosxapp.dylib
0x00007fff368fb000 	/System/Library/Frameworks/JavaVM.framework/Versions/A/Frameworks/JavaNativeFoundation.framework/Versions/A/JavaNativeFoundation
0x00007fff36904000 	/System/Library/Frameworks/JavaVM.framework/Versions/A/Frameworks/JavaRuntimeSupport.framework/Versions/A/JavaRuntimeSupport
0x00007fff31a73000 	/System/Library/Frameworks/Carbon.framework/Versions/A/Carbon
0x00007fff349e9000 	/System/Library/Frameworks/ExceptionHandling.framework/Versions/A/ExceptionHandling
0x00007fff31a74000 	/System/Library/Frameworks/Carbon.framework/Versions/A/Frameworks/CommonPanels.framework/Versions/A/CommonPanels
0x00007fff31d70000 	/System/Library/Frameworks/Carbon.framework/Versions/A/Frameworks/Help.framework/Versions/A/Help
0x00007fff31d74000 	/System/Library/Frameworks/Carbon.framework/Versions/A/Frameworks/ImageCapture.framework/Versions/A/ImageCapture
0x00007fff31e10000 	/System/Library/Frameworks/Carbon.framework/Versions/A/Frameworks/OpenScripting.framework/Versions/A/OpenScripting
0x00007fff31e48000 	/System/Library/Frameworks/Carbon.framework/Versions/A/Frameworks/Print.framework/Versions/A/Print
0x00007fff31e4a000 	/System/Library/Frameworks/Carbon.framework/Versions/A/Frameworks/SecurityHI.framework/Versions/A/SecurityHI
0x00007fff3690d000 	/System/Library/Frameworks/JavaVM.framework/Versions/A/JavaVM
0x00007fff4ff5a000 	/System/Library/PrivateFrameworks/JavaLaunching.framework/Versions/A/JavaLaunching
0x0000000119dca000 	/Users/tischer/Library/Java/JavaVirtualMachines/corretto-1.8.0_312/Contents/Home/jre/lib/libawt.dylib
0x0000000119e72000 	/Users/tischer/Library/Java/JavaVirtualMachines/corretto-1.8.0_312/Contents/Home/jre/lib/./libmlib_image.dylib
0x0000000119f2e000 	/Users/tischer/Library/Java/JavaVirtualMachines/corretto-1.8.0_312/Contents/Home/jre/lib/libawt_lwawt.dylib
0x00007fff4680a000 	/System/Library/PrivateFrameworks/CoreServicesInternal.framework/Versions/A/CoreServicesInternal
0x00007fff26f4c000 	/System/Library/CoreServices/RawCamera.bundle/Contents/MacOS/RawCamera
0x00007fff50f42000 	/System/Library/PrivateFrameworks/MobileAsset.framework/Versions/A/MobileAsset
0x00007fff57f03000 	/System/Library/PrivateFrameworks/StreamingZip.framework/Versions/A/StreamingZip
0x00007fff36c9f000 	/System/Library/Frameworks/MediaToolbox.framework/Versions/A/MediaToolbox
0x00007fff4595c000 	/System/Library/PrivateFrameworks/CoreAVCHD.framework/Versions/A/CoreAVCHD
0x00007fff36be5000 	/System/Library/Frameworks/MediaAccessibility.framework/Versions/A/MediaAccessibility
0x00007fff5099e000 	/System/Library/PrivateFrameworks/Mangrove.framework/Versions/A/Mangrove
0x00007fff3387f000 	/System/Library/Frameworks/CoreMedia.framework/Versions/A/CoreMedia
0x00007fff3e70c000 	/System/Library/Frameworks/VideoToolbox.framework/Versions/A/VideoToolbox
0x00007fff45578000 	/System/Library/PrivateFrameworks/CoreAUC.framework/Versions/A/CoreAUC
0x00007fff5cc34000 	/usr/lib/libspindump.dylib
0x00007fff42c50000 	/System/Library/PrivateFrameworks/AppleVA.framework/Versions/A/AppleVA
0x00007fff2ebcd000 	/System/Library/Frameworks/Accelerate.framework/Versions/A/Frameworks/vImage.framework/Versions/A/Libraries/libCGInterfaces.dylib
0x00007fff30ec0000 	/System/Library/Frameworks/ApplicationServices.framework/Versions/A/Frameworks/ATS.framework/Versions/A/Resources/libTrueTypeScaler.dylib
0x00007fff2bd8e000 	/System/Library/Extensions/AppleIntelKBLGraphicsMTLDriver.bundle/Contents/MacOS/AppleIntelKBLGraphicsMTLDriver
0x00007fff4c00a000 	/System/Library/PrivateFrameworks/GPUCompiler.framework/Versions/3902/Libraries/libmetal_timestamp.dylib
0x00007fff59751000 	/System/Library/PrivateFrameworks/ViewBridge.framework/Versions/A/ViewBridge
0x0000000119ad5000 	/Users/tischer/Library/Java/JavaVirtualMachines/corretto-1.8.0_312/Contents/Home/jre/lib/libfontmanager.dylib
0x000000012cfec000 	/Users/tischer/Library/Java/JavaVirtualMachines/corretto-1.8.0_312/Contents/Home/jre/lib/./libfreetype.dylib.6
0x00007fff3c44b000 	/System/Library/Frameworks/OpenGL.framework/Versions/A/Resources/GLEngine.bundle/GLEngine
0x00007fff3b8ed000 	/System/Library/Frameworks/OpenGL.framework/Versions/A/Libraries/libGLProgrammability.dylib
0x00007fff2afba000 	/System/Library/Extensions/AppleIntelKBLGraphicsGLDriver.bundle/Contents/MacOS/AppleIntelKBLGraphicsGLDriver
0x00007fff4d69f000 	/System/Library/PrivateFrameworks/GPUSupport.framework/Versions/A/Libraries/libGPUSupportMercury.dylib
0x00007fff3c5e3000 	/System/Library/Frameworks/OpenGL.framework/Versions/A/Resources/GLRendererFloat.bundle/GLRendererFloat
0x00007fff3aeb7000 	/System/Library/Frameworks/OpenCL.framework/Versions/A/Libraries/libcldcpuengine.dylib
0x00007fff5b1a9000 	/usr/lib/libcrypto.35.dylib
0x00007fff58916000 	/System/Library/PrivateFrameworks/TrustEvaluationAgent.framework/Versions/A/TrustEvaluationAgent
0x00000001196c5000 	/usr/lib/libobjc-trampolines.dylib
0x000000011995b000 	/Users/tischer/Library/Java/JavaVirtualMachines/corretto-1.8.0_312/Contents/Home/jre/lib/libosxui.dylib
0x000000015e243000 	/Users/tischer/Library/Java/JavaVirtualMachines/corretto-1.8.0_312/Contents/Home/jre/lib/libmanagement.dylib
0x00000001609cb000 	/Users/tischer/Library/Java/JavaVirtualMachines/corretto-1.8.0_312/Contents/Home/jre/lib/libsunec.dylib
0x000000015cb5a000 	/Users/tischer/Library/Caches/JNA/temp/jna2435595880024553796.tmp
0x000000016801b000 	/Users/tischer/Documents/mobie/target/classes/libblosc.dylib
0x00007fff5a2cd000 	/System/Library/PrivateFrameworks/login.framework/Versions/A/login
0x000000015be22000 	/private/var/folders/91/6n93mtg108g6161n3sx_x33m0000gn/T/jogamp_0000/file_cache/jln4426700810054102828/jln4096530619461701491/natives/macosx-universal/libgluegen_rt.dylib
0x000000015dffe000 	/private/var/folders/91/6n93mtg108g6161n3sx_x33m0000gn/T/jogamp_0000/file_cache/jln4426700810054102828/jln4096530619461701491/natives/macosx-universal/libnativewindow_awt.dylib
0x0000000160833000 	/Users/tischer/Library/Java/JavaVirtualMachines/corretto-1.8.0_312/Contents/Home/jre/lib/libjawt.dylib
0x00000001609f7000 	/private/var/folders/91/6n93mtg108g6161n3sx_x33m0000gn/T/jogamp_0000/file_cache/jln4426700810054102828/jln4096530619461701491/natives/macosx-universal/libnativewindow_macosx.dylib
0x00000001702de000 	/private/var/folders/91/6n93mtg108g6161n3sx_x33m0000gn/T/jogamp_0000/file_cache/jln4426700810054102828/jln4096530619461701491/natives/macosx-universal/libjogl_desktop.dylib
0x0000000170e9b000 	/private/var/folders/91/6n93mtg108g6161n3sx_x33m0000gn/T/jogamp_0000/file_cache/jln4426700810054102828/jln4096530619461701491/natives/macosx-universal/libjogl_mobile.dylib

VM Arguments:
jvm_args: -javaagent:/Applications/IntelliJ IDEA CE.app/Contents/lib/idea_rt.jar=60274:/Applications/IntelliJ IDEA CE.app/Contents/bin -Dfile.encoding=UTF-8 
java_command: projects.OpenRemotePlatynereis
java_class_path (initial): /Users/tischer/Library/Java/JavaVirtualMachines/corretto-1.8.0_312/Contents/Home/jre/lib/charsets.jar:/Users/tischer/Library/Java/JavaVirtualMachines/corretto-1.8.0_312/Contents/Home/jre/lib/ext/cldrdata.jar:/Users/tischer/Library/Java/JavaVirtualMachines/corretto-1.8.0_312/Contents/Home/jre/lib/ext/dnsns.jar:/Users/tischer/Library/Java/JavaVirtualMachines/corretto-1.8.0_312/Contents/Home/jre/lib/ext/jaccess.jar:/Users/tischer/Library/Java/JavaVirtualMachines/corretto-1.8.0_312/Contents/Home/jre/lib/ext/jfxrt.jar:/Users/tischer/Library/Java/JavaVirtualMachines/corretto-1.8.0_312/Contents/Home/jre/lib/ext/localedata.jar:/Users/tischer/Library/Java/JavaVirtualMachines/corretto-1.8.0_312/Contents/Home/jre/lib/ext/nashorn.jar:/Users/tischer/Library/Java/JavaVirtualMachines/corretto-1.8.0_312/Contents/Home/jre/lib/ext/sunec.jar:/Users/tischer/Library/Java/JavaVirtualMachines/corretto-1.8.0_312/Contents/Home/jre/lib/ext/sunjce_provider.jar:/Users/tischer/Library/Java/JavaVirtualMachines/corretto-1.8.0_312/Contents/Home/jre/lib/ext/sunpkcs11.jar:/Users/tischer/Library/Java/JavaVirtualMachines/corretto-1.8.0_312/Contents/Home/jre/lib/ext/zipfs.jar:/Users/tischer/Library/Java/JavaVirtualMachines/corretto-1.8.0_312/Contents/Home/jre/lib/jce.jar:/Users/tischer/Library/Java/JavaVirtualMachines/corretto-1.8.0_312/Contents/Home/jre/lib/jfr.jar:/Users/tischer/Library/Java/JavaVirtualMachines/corretto-1.8.0_312/Contents/Home/jre/lib/jfxswt.jar:/Users/tischer/Library/Java/JavaVirtualMachines/corretto-1.8.0_312/Contents/Home/jre/lib/jsse.jar:/Users/tischer/Library/Java/JavaVirtualMachines/corretto-1.8.0_312/Contents/Home/jre/lib/management-agent.jar:/Users/tischer/Library/Java/JavaVirtualMachines/corretto-1.8.0_312/Contents/Home/jre/lib/resources.jar:/Users/tischer/Library/Java/JavaVirtualMachines/corretto-1.8.0_312/Contents/Home/jre/lib/rt.jar:/Users/tischer/Library/Java/JavaVirtualMachines/corretto-1.8.0_312/Contents/Home/lib/ant-javafx.jar:/Users/tisch
Launcher Type: SUN_STANDARD

Environment Variables:
JAVA_HOME=/Users/tischer/mambaforge/lib/jvm
PATH=/Users/tischer/mambaforge/bin:/Users/tischer/mambaforge/condabin:/Users/tischer/.gem/ruby/2.7.0/bin:/usr/local/opt/ruby/bin:/usr/local/Cellar/pandoc/2.7.2/bin:/Applications/apache-maven-3.8.5/bin:/usr/local/Cellar/pandoc/2.7.2/bin:/usr/local/bin:/usr/local/bin/ImageMagick-7.0.8:/usr/bin:/bin:/usr/sbin:/sbin:/opt/X11/bin
SHELL=/bin/bash
DISPLAY=/private/tmp/com.apple.launchd.WjWUAAkhi4/org.macosforge.xquartz:0

Signal Handlers:
SIGSEGV: [libjvm.dylib+0x573377], sa_mask[0]=11111111011111110111111111111111, sa_flags=SA_ONSTACK|SA_RESTART|SA_SIGINFO
SIGBUS: [libjvm.dylib+0x573377], sa_mask[0]=11111111011111110111111111111111, sa_flags=SA_RESTART|SA_SIGINFO
SIGFPE: [libjvm.dylib+0x46e85b], sa_mask[0]=11111111011111110111111111111111, sa_flags=SA_RESTART|SA_SIGINFO
SIGPIPE: [libjvm.dylib+0x46e85b], sa_mask[0]=11111111011111110111111111111111, sa_flags=SA_RESTART|SA_SIGINFO
SIGXFSZ: [libjvm.dylib+0x46e85b], sa_mask[0]=11111111011111110111111111111111, sa_flags=SA_RESTART|SA_SIGINFO
SIGILL: [libjvm.dylib+0x46e85b], sa_mask[0]=11111111011111110111111111111111, sa_flags=SA_RESTART|SA_SIGINFO
SIGUSR1: SIG_DFL, sa_mask[0]=00000000000000000000000000000000, sa_flags=none
SIGUSR2: [libjvm.dylib+0x46f13a], sa_mask[0]=00100000000000000000000000000000, sa_flags=SA_RESTART|SA_SIGINFO
SIGHUP: [libjvm.dylib+0x46d36f], sa_mask[0]=11111111011111110111111111111111, sa_flags=SA_RESTART|SA_SIGINFO
SIGINT: [libjvm.dylib+0x46d36f], sa_mask[0]=11111111011111110111111111111111, sa_flags=SA_RESTART|SA_SIGINFO
SIGTERM: [libjvm.dylib+0x46d36f], sa_mask[0]=11111111011111110111111111111111, sa_flags=SA_RESTART|SA_SIGINFO
SIGQUIT: [libjvm.dylib+0x46d36f], sa_mask[0]=11111111011111110111111111111111, sa_flags=SA_RESTART|SA_SIGINFO


---------------  S Y S T E M  ---------------

OS:Bsduname:Darwin 18.7.0 Darwin Kernel Version 18.7.0: Tue Jun 22 19:37:08 PDT 2021; root:xnu-4903.278.70~1/RELEASE_X86_64 x86_64
rlimit: STACK 8192k, CORE 0k, NPROC 1418, NOFILE 10240, AS infinity
load average:4.86 3.88 3.65

CPU:total 4 (initial active 4) (2 cores per cpu, 2 threads per core) family 6 model 142 stepping 9, cmov, cx8, fxsr, mmx, sse, sse2, sse3, ssse3, sse4.1, sse4.2, popcnt, avx, avx2, aes, clmul, erms, rtm, 3dnowpref, lzcnt, ht, tsc, tscinvbit, bmi1, bmi2, adx

Memory: 4k page, physical 16777216k(48496k free)

/proc/meminfo:


vm_info: OpenJDK 64-Bit Server VM (25.312-b07) for bsd-amd64 JRE (1.8.0_312-b07), built on Oct 14 2021 21:08:52 by "ec2-user" with gcc Apple LLVM 13.0.0 (clang-1300.0.29.3)

time: Sun Apr  2 19:09:47 2023
timezone: CEST
elapsed time: 91.426951 seconds (0d 0h 1m 31s)

