#
# A fatal error has been detected by the Java Runtime Environment:
#
#  SIGSEGV (0xb) at pc=0x0000000184e92f73, pid=4574, tid=0x0000000000015c43
#
# JRE version: OpenJDK Runtime Environment (8.0_312-b07) (build 1.8.0_312-b07)
# Java VM: OpenJDK 64-Bit Server VM (25.312-b07 mixed mode bsd-amd64 compressed oops)
# Problematic frame:
# C  [libtorch_cpu.dylib+0xaa80f73]  _ZN4dnnl4impl17primitive_executeEPK14dnnl_primitiveRNS0_10exec_ctx_tE+0x1b3
#
# Failed to write core dump. Core dumps have been disabled. To enable core dumping, try "ulimit -c unlimited" before starting Java again
#
# If you would like to submit a bug report, please visit:
#   https://github.com/corretto/corretto-8/issues/
# The crash happened outside the Java Virtual Machine in native code.
# See problematic frame for where to report the bug.
#

---------------  T H R E A D  ---------------

Current thread (0x00007ff5d1c3a800):  JavaThread "Fetcher-0" daemon [_thread_in_native, id=89155, stack(0x000070000e4e2000,0x000070000e5e2000)]

siginfo: si_signo: 11 (SIGSEGV), si_code: 0 (unknown), si_addr: 0x0000000000000000

Registers:
RAX=0xf00007ff5de4f64b, RBX=0x000070000e5de1d8, RCX=0x1ea450abe5e00064, RDX=0x0000000000000004
RSP=0x000070000e5de130, RBP=0x000070000e5de1c0, RSI=0x0000000000000000, RDI=0x00007ff5de4ed840
R8 =0x000000019656e280, R9 =0x000000016e16d400, R10=0x0000000000000000, R11=0x0000000000000006
R12=0x00007ff5d32ee760, R13=0x00007ff5de4ed840, R14=0x0000000000000000, R15=0x00007ff5d8696580
RIP=0x0000000184e92f73, EFLAGS=0x0000000000010202, ERR=0x0000000000000000
  TRAPNO=0x000000000000000d

Top of Stack: (sp=0x000070000e5de130)
0x000070000e5de130:   00007ff5cf691600 1ea450abe5e00064
0x000070000e5de140:   0000000000000005 1ea450abe5e00064
0x000070000e5de150:   000070000e5de1c0 0000000184e9c9ee
0x000070000e5de160:   0000000106e5da00 0000000000000005
0x000070000e5de170:   000070000e5de240 0000000361f0643b
0x000070000e5de180:   0000000100000000 0000000100000000
0x000070000e5de190:   1ea450abe5e00064 000070000e5de1f0
0x000070000e5de1a0:   00007ff5d32ee760 0000000000000005
0x000070000e5de1b0:   0000000000000000 00007ff5d8696580
0x000070000e5de1c0:   000070000e5de2a0 0000000184e931f3
0x000070000e5de1d0:   0000000106e5b080 00007ff5de4ed840
0x000070000e5de1e0:   00007ff5d32da630 0000000000000005
0x000070000e5de1f0:   00007ff5d32e5570 0000000000000004
0x000070000e5de200:   000070003f800000 0000000000000000
0x000070000e5de210:   0000000000000000 0000000000000000
0x000070000e5de220:   0000000000000000 000000003f800000
0x000070000e5de230:   00007ff5d86965a8 0000000000000000
0x000070000e5de240:   0000000000000000 0000000000000000
0x000070000e5de250:   0000000000000000 0000000000000000
0x000070000e5de260:   000070003f800000 00007fff61f04c15
0x000070000e5de270:   1ea450abe5e00064 00007ff5d32ee7b0
0x000070000e5de280:   000070000e5df4e0 0000000000000005
0x000070000e5de290:   00007ff5d32ee7b0 0000000000000000
0x000070000e5de2a0:   000070000e5de320 000000017aabe337
0x000070000e5de2b0:   00007ff5d32f0cc0 00007ff5d32eccd0
0x000070000e5de2c0:   000000018b933570 000070000e5de340
0x000070000e5de2d0:   000070000e5deb90 000070000e5de6e8
0x000070000e5de2e0:   00007ff5d32ee760 00007ff5d32ee7b0
0x000070000e5de2f0:   00007ff5d32ee7b0 000000018b933570
0x000070000e5de300:   000070000e5df4e0 000070000e5df5a0
0x000070000e5de310:   000070000e5df350 000070000e5df010
0x000070000e5de320:   000070000e5dee00 000000017aacfb60 

Instructions: (pc=0x0000000184e92f73)
0x0000000184e92f53:   3a 06 48 8b 38 e8 11 5a a5 03 f6 45 a0 01 74 09
0x0000000184e92f63:   48 8b 7d b0 e8 d8 56 a5 03 49 8b 45 00 4c 89 ef
0x0000000184e92f73:   ff 50 28 48 8b 05 4b 34 3a 06 48 8b 00 48 3b 45
0x0000000184e92f83:   d0 75 12 44 89 f0 48 83 c4 68 5b 41 5c 41 5d 41 

Register to memory mapping:

RAX=0xf00007ff5de4f64b is an unknown value
RBX=0x000070000e5de1d8 is pointing into the stack for thread: 0x00007ff5d1c3a800
RCX=