#
# A fatal error has been detected by the Java Runtime Environment:
#
#  SIGSEGV (0xb) at pc=0x000000018afa1f73, pid=6568, tid=0x000000000001f847
#
# JRE version: OpenJDK Runtime Environment (8.0_312-b07) (build 1.8.0_312-b07)
# Java VM: OpenJDK 64-Bit Server VM (25.312-b07 mixed mode bsd-amd64 compressed oops)
# Problematic frame:
# C  [libtorch_cpu.dylib+0xaa80f73]  _ZN4dnnl4impl17primitive_executeEPK14dnnl_primitiveRNS0_10exec_ctx_tE+0x1b3
#
# Failed to write core dump. Core dumps have been disabled. To enable core dumping, try "ulimit -c unlimited" before starting Java again
#
# If you would like to submit a bug report, please visit:
#   https://github.com/corretto/corretto-8/issues/
# The crash happened outside the Java Virtual Machine in native code.
# See problematic frame for where to report the bug.
#

---------------  T H R E A D  ---------------

Current thread (0x00007fa311a30000):  JavaThread "Fetcher-0" daemon [_thread_in_native, id=129095, stack(0x00007000040f4000,0x00007000041f4000)]

siginfo: si_signo: 11 (SIGSEGV), si_code: 1 (SEGV_MAPERR), si_addr: 0x0000000000000028

Registers:
RAX=0x0000000000000000, RBX=0x00007000041f0798, RCX=0x3ae40183fd47003c, RDX=0x0000000000000000
RSP=0x00007000041f06f0, RBP=0x00007000041f0780, RSI=0x00000001c6788fe0, RDI=0x00007fa316f63080
R8 =0x0000000000000008, R9 =0x000000000007d000, R10=0x0000000000000008, R11=0x0000000000000001
R12=0x00007fa3134d7ab0, R13=0x00007fa316f63080, R14=0x0000000000000000, R15=0x00007fa310bf5280
RIP=0x000000018afa1f73, EFLAGS=0x0000000000010202, ERR=0x0000000000000004
  TRAPNO=0x000000000000000e

Top of Stack: (sp=0x00007000041f06f0)
0x00007000041f06f0:   00007fa314961000 00007fa3134d4900
0x00007000041f0700:   0000000000000001 3ae40183fd47003c
0x00007000041f0710:   00007000041f0780 000000018afab9ee
0x00007000041f0720:   000000010d124400 0000000000000002
0x00007000041f0730:   00007000041f0800 0000000161f0643b
0x00007000041f0740:   0000000100000000 0000000100000000
0x00007000041f0750:   3ae40183fd47003c 00007000041f07b0
0x00007000041f0760:   00007fa3134d7ab0 0000000000000002
0x00007000041f0770:   0000000000000000 00007fa310bf5280
0x00007000041f0780:   00007000041f0860 000000018afa21f3
0x00007000041f0790:   000000010d121080 00007fa316f63080
0x00007000041f07a0:   00007fa3169f7ab0 0000000000000002
0x00007000041f07b0:   00007fa3169e1730 0000000000000002
0x00007000041f07c0:   000070003f800000 0000000000000000
0x00007000041f07d0:   0000000000000000 0000000000000000
0x00007000041f07e0:   0000000000000000 000000003f800000
0x00007000041f07f0:   00007fa310bf52a8 0000000000000000
0x00007000041f0800:   0000000000000000 0000000000000000
0x00007000041f0810:   0000000000000000 0000000000000000
0x00007000041f0820:   000070003f800000 00007fff61f04c15
0x00007000041f0830:   3ae40183fd47003c 00007fa3134d7ad0
0x00007000041f0840:   00000001c36b5000 0000000000000002
0x00007000041f0850:   00007fa3134d7ad0 0000000000000000
0x00007000041f0860:   00007000041f08e0 0000000180bcd337
0x00007000041f0870:   0000000000000001 00007fa3169f7a80
0x00007000041f0880:   0000000191a42570 00007000041f0990
0x00007000041f0890:   00007000041f0950 00007000041f0908
0x00007000041f08a0:   00007fa3134d7ab0 00007fa3134d7ad0
0x00007000041f08b0:   00007fa3134d7ad0 00007000041f0990
0x00007000041f08c0:   00000001c36b5000 00007000041f1000
0x00007000041f08d0:   0000000191a42570 00007fa30cff1940
0x00007000041f08e0:   00007000041f0970 0000000180bceaf2 

Instructions: (pc=0x000000018afa1f73)
0x000000018afa1f53:   3a 06 48 8b 38 e8 11 5a a5 03 f6 45 a0 01 74 09
0x000000018afa1f63:   48 8b 7d b0 e8 d8 56 a5 03 49 8b 45 00 4c 89 ef
0x000000018afa1f73:   ff 50 28 48 8b 05 4b 34 3a 06 48 8b 00 48 3b 45
0x000000018afa1f83:   d0 75 12 44 89 f0 48 83 c4 68 5b 41 5c 41 5d 41 

Register to memory mapping:

RAX=0x0000000000000000 is an unknown value
RBX=0x00007000041f0798 is pointing into the stack for thread: 0x00007fa311a30000
RCX=0x3ae40183fd47003c is an unknown value
RDX=0x0000000000000000 is an unknown value
RSP=0x00007000041f06f0 is pointing into the stack for thread: 0x00007fa311a30000
RBP=0x00007000041f0780 is pointing into the stack for thread: 0x00007fa311a30000
RSI=0x00000001c6788fe0 is an unknown value
RDI=0x00007fa316f63080 is an unknown value
R8 =0x0000000000000008 is an unknown value
R9 =0x000000000007d000 is an unknown value
R10=0x0000000000000008 is an unknown value
R11=0x0000000000000001 is an unknown value
R12=0x00007fa3134d7ab0 is an unknown value
R13=0x00007fa316f63080 is an unknown value
R14=0x0000000000000000 is an unknown value
R15=0x00007fa310bf5280 is an unknown value


Stack: [0x00007000040f4000,0x00007000041f4000],  sp=0x00007000041f06f0,  free space=1009k
Native frames: (J=compiled Java code, j=interpreted, Vv=VM code, C=native code)
C  [libtorch_cpu.dylib+0xaa80f73]  _ZN4dnnl4impl17primitive_executeEPK14dnnl_primitiveRNS0_10exec_ctx_tE+0x1b3
C  [libtorch_cpu.dylib+0xaa811f3]  dnnl_primitive_execute+0x173
C  [libtorch_cpu.dylib+0x6ac337]  _ZNK4dnnl9primitive7executeERKNS_6streamERKNSt3__113unordered_mapIiNS_6memoryENS4_4hashIiEENS4_8equal_toIiEENS4_9allocatorINS4_4pairIKiS6_EEEEEE+0x1e7
C